Using pre-set license
Built from '2022.3/staging' branch; Version is '2022.3.17f1 (4fc78088f837) revision 5228416'; Using compiler version '192829333'; Build Type 'Release'
OS: 'Windows 10  (10.0.19045) 64bit Core' Language: 'en' Physical Memory: 32689 MB
BatchMode: 1, IsHumanControllingUs: 0, StartBugReporterOnCrash: 0, Is64bit: 1, IsPro: 1

COMMAND LINE ARGUMENTS:
C:\Program Files\Unity\Hub\Editor\2022.3.17f1\Editor\Unity.exe
-adb2
-batchMode
-noUpm
-name
AssetImportWorker1
-projectPath
C:/Users/Jaden/Documents/MyUnityProjects/FPS_SharedMode
-logFile
Logs/AssetImportWorker1.log
-srvPort
62598
Successfully changed project path to: C:/Users/Jaden/Documents/MyUnityProjects/FPS_SharedMode
C:/Users/Jaden/Documents/MyUnityProjects/FPS_SharedMode
[UnityMemory] Configuration Parameters - Can be set up in boot.config
    "memorysetup-bucket-allocator-granularity=16"
    "memorysetup-bucket-allocator-bucket-count=8"
    "memorysetup-bucket-allocator-block-size=33554432"
    "memorysetup-bucket-allocator-block-count=8"
    "memorysetup-main-allocator-block-size=16777216"
    "memorysetup-thread-allocator-block-size=16777216"
    "memorysetup-gfx-main-allocator-block-size=16777216"
    "memorysetup-gfx-thread-allocator-block-size=16777216"
    "memorysetup-cache-allocator-block-size=4194304"
    "memorysetup-typetree-allocator-block-size=2097152"
    "memorysetup-profiler-bucket-allocator-granularity=16"
    "memorysetup-profiler-bucket-allocator-bucket-count=8"
    "memorysetup-profiler-bucket-allocator-block-size=33554432"
    "memorysetup-profiler-bucket-allocator-block-count=8"
    "memorysetup-profiler-allocator-block-size=16777216"
    "memorysetup-profiler-editor-allocator-block-size=1048576"
    "memorysetup-temp-allocator-size-main=16777216"
    "memorysetup-job-temp-allocator-block-size=2097152"
    "memorysetup-job-temp-allocator-block-size-background=1048576"
    "memorysetup-job-temp-allocator-reduction-small-platforms=262144"
    "memorysetup-allocator-temp-initial-block-size-main=262144"
    "memorysetup-allocator-temp-initial-block-size-worker=262144"
    "memorysetup-temp-allocator-size-background-worker=32768"
    "memorysetup-temp-allocator-size-job-worker=262144"
    "memorysetup-temp-allocator-size-preload-manager=33554432"
    "memorysetup-temp-allocator-size-nav-mesh-worker=65536"
    "memorysetup-temp-allocator-size-audio-worker=65536"
    "memorysetup-temp-allocator-size-cloud-worker=32768"
    "memorysetup-temp-allocator-size-gi-baking-worker=262144"
    "memorysetup-temp-allocator-size-gfx=262144"
Player connection [188236] Host "[IP] 192.168.0.199 [Port] 0 [Flags] 2 [Guid] 772062431 [EditorId] 772062431 [Version] 1048832 [Id] WindowsEditor(7,DESKTOP-IJIFQF8) [Debug] 1 [PackageName] WindowsEditor [ProjectName] Editor" joined multi-casting on [225.0.0.222:54997]...

Player connection [188236] Host "[IP] 192.168.0.199 [Port] 0 [Flags] 2 [Guid] 772062431 [EditorId] 772062431 [Version] 1048832 [Id] WindowsEditor(7,DESKTOP-IJIFQF8) [Debug] 1 [PackageName] WindowsEditor [ProjectName] Editor" joined alternative multi-casting on [225.0.0.222:34997]...

[Physics::Module] Initialized MultithreadedJobDispatcher with 15 workers.
Refreshing native plugins compatible for Editor in 27.96 ms, found 4 plugins.
Preloading 0 native plugins for Editor in 0.00 ms.
Initialize engine version: 2022.3.17f1 (4fc78088f837)
[Subsystems] Discovering subsystems at path C:/Program Files/Unity/Hub/Editor/2022.3.17f1/Editor/Data/Resources/UnitySubsystems
[Subsystems] Discovering subsystems at path C:/Users/Jaden/Documents/MyUnityProjects/FPS_SharedMode/Assets
GfxDevice: creating device client; threaded=0; jobified=0
Direct3D:
    Version:  Direct3D 11.0 [level 11.1]
    Renderer: NVIDIA GeForce RTX 3060 Ti (ID=0x2489)
    Vendor:   NVIDIA
    VRAM:     8024 MB
    Driver:   32.0.15.6636
Initialize mono
Mono path[0] = 'C:/Program Files/Unity/Hub/Editor/2022.3.17f1/Editor/Data/Managed'
Mono path[1] = 'C:/Program Files/Unity/Hub/Editor/2022.3.17f1/Editor/Data/MonoBleedingEdge/lib/mono/unityjit-win32'
Mono config path = 'C:/Program Files/Unity/Hub/Editor/2022.3.17f1/Editor/Data/MonoBleedingEdge/etc'
Using monoOptions --debugger-agent=transport=dt_socket,embedding=1,server=y,suspend=n,address=127.0.0.1:56608
Begin MonoManager ReloadAssembly
Registering precompiled unity dll's ...
Register platform support module: C:/Program Files/Unity/Hub/Editor/2022.3.17f1/Editor/Data/PlaybackEngines/AndroidPlayer/UnityEditor.Android.Extensions.dll
Register platform support module: C:/Program Files/Unity/Hub/Editor/2022.3.17f1/Editor/Data/PlaybackEngines/iOSSupport/UnityEditor.iOS.Extensions.dll
Register platform support module: C:/Program Files/Unity/Hub/Editor/2022.3.17f1/Editor/Data/PlaybackEngines/WindowsStandaloneSupport/UnityEditor.WindowsStandalone.Extensions.dll
Registered in 0.015489 seconds.
- Loaded All Assemblies, in  0.405 seconds
Native extension for WindowsStandalone target not found
[usbmuxd] Start listen thread
[usbmuxd] Listen thread started
[usbmuxd] Send listen message
Native extension for iOS target not found
Native extension for Android target not found
Android Extension - Scanning For ADB Devices 1007 ms
Mono: successfully reloaded assembly
- Finished resetting the current domain, in  1.348 seconds
Domain Reload Profiling: 1750ms
	BeginReloadAssembly (132ms)
		ExecutionOrderSort (0ms)
		DisableScriptedObjects (0ms)
		BackupInstance (0ms)
		ReleaseScriptingObjects (0ms)
		CreateAndSetChildDomain (1ms)
	RebuildCommonClasses (36ms)
	RebuildNativeTypeToScriptingClass (10ms)
	initialDomainReloadingComplete (74ms)
	LoadAllAssembliesAndSetupDomain (150ms)
		LoadAssemblies (128ms)
		RebuildTransferFunctionScriptingTraits (0ms)
		AnalyzeDomain (146ms)
			TypeCache.Refresh (145ms)
				TypeCache.ScanAssembly (132ms)
			ScanForSourceGeneratedMonoScriptInfo (0ms)
			ResolveRequiredComponents (0ms)
	FinalizeReload (1348ms)
		ReleaseScriptCaches (0ms)
		RebuildScriptCaches (0ms)
		SetupLoadedEditorAssemblies (1290ms)
			LogAssemblyErrors (0ms)
			InitializePlatformSupportModulesInManaged (1122ms)
			SetLoadedEditorAssemblies (3ms)
			RefreshPlugins (0ms)
			BeforeProcessingInitializeOnLoad (2ms)
			ProcessInitializeOnLoadAttributes (106ms)
			ProcessInitializeOnLoadMethodAttributes (57ms)
			AfterProcessingInitializeOnLoad (0ms)
			EditorAssembliesLoaded (0ms)
		ExecutionOrderSort2 (0ms)
		AwakeInstancesAfterBackupRestoration (0ms)
========================================================================
Worker process is ready to serve import requests
Begin MonoManager ReloadAssembly
TypeRef ResolutionScope not yet handled (229) for .IMergeView in image C:\Users\Jaden\Documents\MyUnityProjects\FPS_SharedMode\Library\ScriptAssemblies\Unity.PlasticSCM.Editor.dll
Unloading broken assembly Library/ScriptAssemblies/Unity.PlasticSCM.Editor.dll, this assembly can cause crashes in the runtime
- Loaded All Assemblies, in  0.813 seconds
Refreshing native plugins compatible for Editor in 14.23 ms, found 4 plugins.
Could not load signature of Unity.PlasticSCM.Editor.Gluon.UpdateReport.UpdateReportDialog:ShowUpdateReport due to: Could not resolve type with token 0100006f from typeref (expected class 'Codice.Client.BaseCommands.ErrorMessage' in assembly 'unityplastic, Version=11.0.16.8204, Culture=neutral, PublicKeyToken=a107c9c6e34c8876') assembly:unityplastic, Version=11.0.16.8204, Culture=neutral, PublicKeyToken=a107c9c6e34c8876 type:Codice.Client.BaseCommands.ErrorMessage member:(null)
Could not load signature of Unity.PlasticSCM.Editor.Gluon.UpdateReport.UpdateReportDialog:UpdateUpdateReportList due to: Could not resolve type with token 0100006f from typeref (expected class 'Codice.Client.BaseCommands.ErrorMessage' in assembly 'unityplastic, Version=11.0.16.8204, Culture=neutral, PublicKeyToken=a107c9c6e34c8876') assembly:unityplastic, Version=11.0.16.8204, Culture=neutral, PublicKeyToken=a107c9c6e34c8876 type:Codice.Client.BaseCommands.ErrorMessage member:(null)
Could not load signature of Unity.PlasticSCM.Editor.Gluon.UpdateReport.UpdateReportDialog:GetErrorDetailsText due to: Could not resolve type with token 0100006f from typeref (expected class 'Codice.Client.BaseCommands.ErrorMessage' in assembly 'unityplastic, Version=11.0.16.8204, Culture=neutral, PublicKeyToken=a107c9c6e34c8876') assembly:unityplastic, Version=11.0.16.8204, Culture=neutral, PublicKeyToken=a107c9c6e34c8876 type:Codice.Client.BaseCommands.ErrorMessage member:(null)
Could not load signature of Unity.PlasticSCM.Editor.Gluon.UpdateReport.UpdateReportDialog:DoErrorDetailsTextArea due to: Could not resolve type with token 0100006f from typeref (expected class 'Codice.Client.BaseCommands.ErrorMessage' in assembly 'unityplastic, Version=11.0.16.8204, Culture=neutral, PublicKeyToken=a107c9c6e34c8876') assembly:unityplastic, Version=11.0.16.8204, Culture=neutral, PublicKeyToken=a107c9c6e34c8876 type:Codice.Client.BaseCommands.ErrorMessage member:(null)
Could not load signature of Unity.PlasticSCM.Editor.Gluon.UpdateReport.UpdateReportDialog:Create due to: Could not resolve type with token 0100006f from typeref (expected class 'Codice.Client.BaseCommands.ErrorMessage' in assembly 'unityplastic, Version=11.0.16.8204, Culture=neutral, PublicKeyToken=a107c9c6e34c8876') assembly:unityplastic, Version=11.0.16.8204, Culture=neutral, PublicKeyToken=a107c9c6e34c8876 type:Codice.Client.BaseCommands.ErrorMessage member:(null)
Native extension for WindowsStandalone target not found
Native extension for iOS target not found
Native extension for Android target not found
Package Manager log level set to [2]
[Package Manager] Server::EnsureServerProcessIsRunning -- launch failed, reason: Unity was launched with the -noUpm command-line argument
[Package Manager] UpmClient::Send -- Unable to send message (not connected to UPM process).
[Package Manager] Cannot connect to Unity Package Manager local server
Mono: successfully reloaded assembly
- Finished resetting the current domain, in  1.002 seconds
Domain Reload Profiling: 1810ms
	BeginReloadAssembly (174ms)
		ExecutionOrderSort (0ms)
		DisableScriptedObjects (5ms)
		BackupInstance (0ms)
		ReleaseScriptingObjects (0ms)
		CreateAndSetChildDomain (25ms)
	RebuildCommonClasses (35ms)
	RebuildNativeTypeToScriptingClass (10ms)
	initialDomainReloadingComplete (51ms)
	LoadAllAssembliesAndSetupDomain (539ms)
		LoadAssemblies (430ms)
		RebuildTransferFunctionScriptingTraits (0ms)
		AnalyzeDomain (214ms)
			TypeCache.Refresh (191ms)
				TypeCache.ScanAssembly (170ms)
			ScanForSourceGeneratedMonoScriptInfo (16ms)
			ResolveRequiredComponents (6ms)
	FinalizeReload (1002ms)
		ReleaseScriptCaches (0ms)
		RebuildScriptCaches (0ms)
		SetupLoadedEditorAssemblies (813ms)
			LogAssemblyErrors (0ms)
			InitializePlatformSupportModulesInManaged (42ms)
			SetLoadedEditorAssemblies (6ms)
			RefreshPlugins (0ms)
			BeforeProcessingInitializeOnLoad (112ms)
			ProcessInitializeOnLoadAttributes (613ms)
			ProcessInitializeOnLoadMethodAttributes (26ms)
			AfterProcessingInitializeOnLoad (13ms)
			EditorAssembliesLoaded (0ms)
		ExecutionOrderSort2 (0ms)
		AwakeInstancesAfterBackupRestoration (18ms)
Launched and connected shader compiler UnityShaderCompiler.exe after 0.20 seconds
Refreshing native plugins compatible for Editor in 19.82 ms, found 4 plugins.
Preloading 0 native plugins for Editor in 0.00 ms.
Unloading 3168 Unused Serialized files (Serialized files now loaded: 0)
Unloading 56 unused Assets / (70.3 KB). Loaded Objects now: 3606.
Memory consumption went from 130.3 MB to 130.2 MB.
Total: 5.831100 ms (FindLiveObjects: 0.464700 ms CreateObjectMapping: 0.438700 ms MarkObjects: 4.676000 ms  DeleteObjects: 0.249900 ms)

AssetImportParameters requested are different than current active one (requested -> active):
  custom:container-demuxer-ogg: 62fdf1f143b41e24485cea50d1cbac27 -> 
  custom:scripting/precompiled-assembly-types:Unity.PlasticSCM.Editor: 1c77bc3ed7c23cd3fb3a824d20eccc39 -> 
  custom:video-decoder-ogg-theora: a1e56fd34408186e4bbccfd4996cb3dc -> 
  custom:framework-win-MediaFoundation: 216162199b28c13a410421893ffa2e32 -> 
  custom:CustomObjectIndexerAttribute: 6d391050e5a25f67b0a2c618074f2cd9 -> 
  custom:container-demuxer-webm: 4f35f7cbe854078d1ac9338744f61a02 -> 
  custom:container-muxer-webm: aa71ff27fc2769a1b78a27578f13a17b -> 
  custom:video-decoder-webm-vp8: 9c59270c3fd7afecdb556c50c9e8de78 -> 
  custom:SearchIndexIgnoredProperties: e643bd26f0fe6173181afceb89e7c659 -> 
  custom:AudioImporter_EditorPlatform: d09bf68614088b80899f8185d706f6e7 -> 
  custom:video-encoder-webm-vp8: eb34c28f22e8b96e1ab97ce403110664 -> 
  custom:audio-decoder-ogg-vorbis: bf7c407c2cedff20999df2af8eb42d56 -> 
  custom:audio-encoder-webm-vorbis: bf7c407c2cedff20999df2af8eb42d56 -> 
  custom:scripting/precompiled-assembly-types:unityplastic: 80ce6fce021ee75cb20edaadb7bf11e0 -> 1b07f3d0d2a7bfbf691bf3af903a2067
  custom:scripting/precompiled-assembly-types:websocket-sharp:  -> 14fbe16c400853e620dbee885c09856b
  custom:scripting/precompiled-assembly-types:Photon3Unity3D:  -> c6b5832f40bb2e6733b55db4d782a76d
  custom:scripting/precompiled-assembly-types:Fusion.Sockets:  -> 96b7f418eb9014204622bec6ff514d2c
  custom:scripting/precompiled-assembly-types:Fusion.Runtime:  -> ca8b3ba7c3dbc3a9eb54e90f216db940
  custom:scripting/precompiled-assembly-types:Fusion.Realtime:  -> 38b9b1aa13a3e6bed6a7f210785c6247
  custom:scripting/precompiled-assembly-types:Fusion.Common:  -> 8690b9158000af5b9f4668dc88a6cae3
  custom:scripting/precompiled-assembly-types:NanoSockets:  -> 5215c3b157b18801e4d4a67db049f6fb
  custom:scripting/precompiled-assembly-types:Fusion.Log:  -> 093f99d101b7ad04a386b90ea972ba9f
========================================================================
Received Import Request.
  Time since last request: 290424.279559 seconds.
  path: Assets/Photon/Fusion/build_info.txt
  artifactKey: Guid(7d903aaee8321384991b6195565dae93) Importer(2089858483,0ecaa5967403d082aa24f35e1b516d23)
Start importing Assets/Photon/Fusion/build_info.txt using Guid(7d903aaee8321384991b6195565dae93) Importer(2089858483,0ecaa5967403d082aa24f35e1b516d23) Generated GUIDs only implemented for interfaces!
 -> (artifact id: 'eb02639c89b6281cb8ff014f983b6e3b') in 0.064880 seconds
Number of updated asset objects reloaded before import = 0
Number of asset objects unloaded after import = 1
========================================================================
Received Import Request.
  Time since last request: 0.124491 seconds.
  path: Assets/Photon/Fusion/package.json
  artifactKey: Guid(72a4f749a85f41c4c9bf79e0f66f8c71) Importer(2089858483,0ecaa5967403d082aa24f35e1b516d23)
Start importing Assets/Photon/Fusion/package.json using Guid(72a4f749a85f41c4c9bf79e0f66f8c71) Importer(2089858483,0ecaa5967403d082aa24f35e1b516d23) Generated GUIDs only implemented for interfaces!
 -> (artifact id: '440f415d9df7d08b4726bbaa180f751d') in 0.009338 seconds
Number of updated asset objects reloaded before import = 0
Number of asset objects unloaded after import = 1
========================================================================
Received Import Request.
  Time since last request: 0.186497 seconds.
  path: Assets/Photon/PhotonLibs/changes-library.txt
  artifactKey: Guid(d8040d310df77714a90a561261bfb2cb) Importer(2089858483,0ecaa5967403d082aa24f35e1b516d23)
Start importing Assets/Photon/PhotonLibs/changes-library.txt using Guid(d8040d310df77714a90a561261bfb2cb) Importer(2089858483,0ecaa5967403d082aa24f35e1b516d23) Generated GUIDs only implemented for interfaces!
 -> (artifact id: '9ca512d25e9028a50094f6a049665ebd') in 0.010264 seconds
Number of updated asset objects reloaded before import = 0
Number of asset objects unloaded after import = 1
========================================================================
Received Import Request.
  Time since last request: 0.000010 seconds.
  path: Assets/Photon/FusionMenu/Photon-Fusion-Menu-2.0.4-Stable-884.unitypackage
  artifactKey: Guid(59565dd8cb7f7c84f915bf1987735816) Importer(2089858483,0ecaa5967403d082aa24f35e1b516d23)
Start importing Assets/Photon/FusionMenu/Photon-Fusion-Menu-2.0.4-Stable-884.unitypackage using Guid(59565dd8cb7f7c84f915bf1987735816) Importer(2089858483,0ecaa5967403d082aa24f35e1b516d23) Generated GUIDs only implemented for interfaces!
 -> (artifact id: 'd4f9338e75f127d5d989d5b85eca6e50') in 0.011902 seconds
Number of updated asset objects reloaded before import = 0
Number of asset objects unloaded after import = 1
========================================================================
Received Import Request.
  Time since last request: 0.000018 seconds.
  path: Assets/Photon/Fusion/release_history.txt
  artifactKey: Guid(5705adcaad7c31b439ed88af045846a1) Importer(2089858483,0ecaa5967403d082aa24f35e1b516d23)
Start importing Assets/Photon/Fusion/release_history.txt using Guid(5705adcaad7c31b439ed88af045846a1) Importer(2089858483,0ecaa5967403d082aa24f35e1b516d23) Generated GUIDs only implemented for interfaces!
 -> (artifact id: '16d68b134923eda034e08d36aa378601') in 0.013662 seconds
Number of updated asset objects reloaded before import = 0
Number of asset objects unloaded after import = 1
========================================================================
Received Import Request.
  Time since last request: 0.464624 seconds.
  path: Assets/Photon/Fusion/Assemblies/Fusion.Common.pdb.debug
  artifactKey: Guid(64771868c228aac4caec4e19fea3aa53) Importer(2089858483,0ecaa5967403d082aa24f35e1b516d23)
Start importing Assets/Photon/Fusion/Assemblies/Fusion.Common.pdb.debug using Guid(64771868c228aac4caec4e19fea3aa53) Importer(2089858483,0ecaa5967403d082aa24f35e1b516d23) Generated GUIDs only implemented for interfaces!
 -> (artifact id: 'd5087680c086d8bee3841d4206b3b6f1') in 0.009859 seconds
Number of updated asset objects reloaded before import = 0
Number of asset objects unloaded after import = 1
========================================================================
Received Import Request.
  Time since last request: 0.000011 seconds.
  path: Assets/Photon/Fusion/Assemblies/Fusion.Realtime.pdb
  artifactKey: Guid(2689596b16ccf334487a267aa8c00f5e) Importer(2089858483,0ecaa5967403d082aa24f35e1b516d23)
Start importing Assets/Photon/Fusion/Assemblies/Fusion.Realtime.pdb using Guid(2689596b16ccf334487a267aa8c00f5e) Importer(2089858483,0ecaa5967403d082aa24f35e1b516d23) Generated GUIDs only implemented for interfaces!
 -> (artifact id: 'bec0102b026489bab7193ec6b1c7f703') in 0.010688 seconds
Number of updated asset objects reloaded before import = 0
Number of asset objects unloaded after import = 1
========================================================================
Received Import Request.
  Time since last request: 0.000018 seconds.
  path: Assets/Photon/Fusion/Assemblies/Fusion.Sockets.xml
  artifactKey: Guid(63bbe842ef68c9d40b5930800381eff9) Importer(2089858483,0ecaa5967403d082aa24f35e1b516d23)
Start importing Assets/Photon/Fusion/Assemblies/Fusion.Sockets.xml using Guid(63bbe842ef68c9d40b5930800381eff9) Importer(2089858483,0ecaa5967403d082aa24f35e1b516d23) Generated GUIDs only implemented for interfaces!
 -> (artifact id: '4757313c4440722cdb04b67477ef876c') in 0.014839 seconds
Number of updated asset objects reloaded before import = 0
Number of asset objects unloaded after import = 1
========================================================================
Received Import Request.
  Time since last request: 0.000019 seconds.
  path: Assets/Photon/Fusion/Editor/EditorResources/FusionHub/Fusion-hub-photon-cloud-32-dark.png
  artifactKey: Guid(43725de47547036498287ad504fe9f9d) Importer(2089858483,0ecaa5967403d082aa24f35e1b516d23)
Start importing Assets/Photon/Fusion/Editor/EditorResources/FusionHub/Fusion-hub-photon-cloud-32-dark.png using Guid(43725de47547036498287ad504fe9f9d) Importer(2089858483,0ecaa5967403d082aa24f35e1b516d23) Generated GUIDs only implemented for interfaces!
 -> (artifact id: 'd01ca44757abcee5efb98fec127cd92c') in 0.109451 seconds
Number of updated asset objects reloaded before import = 0
Number of asset objects unloaded after import = 1
========================================================================
Received Import Request.
  Time since last request: 0.000015 seconds.
  path: Assets/Photon/Fusion/Runtime/Statistics/FusionNetworkObjectStatsGraph.cs
  artifactKey: Guid(6c65e6f8cc0e421195e5884e060e7ead) Importer(2089858483,0ecaa5967403d082aa24f35e1b516d23)
Start importing Assets/Photon/Fusion/Runtime/Statistics/FusionNetworkObjectStatsGraph.cs using Guid(6c65e6f8cc0e421195e5884e060e7ead) Importer(2089858483,0ecaa5967403d082aa24f35e1b516d23) Generated GUIDs only implemented for interfaces!
 -> (artifact id: '2d9edd47cb07a33ceda78f4c81377d8d') in 0.015964 seconds
Number of updated asset objects reloaded before import = 0
Number of asset objects unloaded after import = 1
========================================================================
Received Import Request.
  Time since last request: 0.000031 seconds.
  path: Assets/Photon/PhotonLibs/WebSocket/SocketWebTcp.cs
  artifactKey: Guid(ac953d6a57a9ea94e96ec689598995d5) Importer(2089858483,0ecaa5967403d082aa24f35e1b516d23)
Start importing Assets/Photon/PhotonLibs/WebSocket/SocketWebTcp.cs using Guid(ac953d6a57a9ea94e96ec689598995d5) Importer(2089858483,0ecaa5967403d082aa24f35e1b516d23) Generated GUIDs only implemented for interfaces!
 -> (artifact id: '0b4e99f09eded017f16c04c16c80e574') in 0.012114 seconds
Number of updated asset objects reloaded before import = 0
Number of asset objects unloaded after import = 1
========================================================================
Received Import Request.
  Time since last request: 0.000017 seconds.
  path: Assets/Photon/Fusion/Runtime/FusionBootstrap.cs
  artifactKey: Guid(88230848386761045af440d808ee3efa) Importer(2089858483,0ecaa5967403d082aa24f35e1b516d23)
Start importing Assets/Photon/Fusion/Runtime/FusionBootstrap.cs using Guid(88230848386761045af440d808ee3efa) Importer(2089858483,0ecaa5967403d082aa24f35e1b516d23) Generated GUIDs only implemented for interfaces!
 -> (artifact id: '8da5d3e96ac031ebe5323a42f45b321c') in 0.010925 seconds
Number of updated asset objects reloaded before import = 0
Number of asset objects unloaded after import = 1
========================================================================
Received Import Request.
  Time since last request: 0.000016 seconds.
  path: Assets/Photon/Fusion/Runtime/Statistics/FusionNetworkObjectStatistics.cs
  artifactKey: Guid(526b142195d343c39a9184405f9ed5e0) Importer(2089858483,0ecaa5967403d082aa24f35e1b516d23)
Start importing Assets/Photon/Fusion/Runtime/Statistics/FusionNetworkObjectStatistics.cs using Guid(526b142195d343c39a9184405f9ed5e0) Importer(2089858483,0ecaa5967403d082aa24f35e1b516d23) Generated GUIDs only implemented for interfaces!
 -> (artifact id: '7315b21d38458da641ac09b150d0a0b9') in 0.015408 seconds
Number of updated asset objects reloaded before import = 0
Number of asset objects unloaded after import = 1
========================================================================
Received Import Request.
  Time since last request: 0.000020 seconds.
  path: Assets/Photon/PhotonLibs/WebSocket/WebSocket.cs
  artifactKey: Guid(b1bad04f7805f764dba77f0d4518e0f0) Importer(2089858483,0ecaa5967403d082aa24f35e1b516d23)
Start importing Assets/Photon/PhotonLibs/WebSocket/WebSocket.cs using Guid(b1bad04f7805f764dba77f0d4518e0f0) Importer(2089858483,0ecaa5967403d082aa24f35e1b516d23) Generated GUIDs only implemented for interfaces!
 -> (artifact id: '5aed1201b98cae91411c0cfbb61efefa') in 0.011195 seconds
Number of updated asset objects reloaded before import = 0
Number of asset objects unloaded after import = 1
========================================================================
Received Import Request.
  Time since last request: 0.000020 seconds.
  path: Assets/Photon/Fusion/Runtime/FusionBootstrapDebugGUISkin.guiskin
  artifactKey: Guid(e59b35dfeb4b6f54e9b2791b2a40a510) Importer(2089858483,0ecaa5967403d082aa24f35e1b516d23)
Start importing Assets/Photon/Fusion/Runtime/FusionBootstrapDebugGUISkin.guiskin using Guid(e59b35dfeb4b6f54e9b2791b2a40a510) Importer(2089858483,0ecaa5967403d082aa24f35e1b516d23) Generated GUIDs only implemented for interfaces!
 -> (artifact id: '2529c81e4f4a60d8f18ab33dc5d0787e') in 0.131401 seconds
Number of updated asset objects reloaded before import = 0
Number of asset objects unloaded after import = 2
========================================================================
Received Import Request.
  Time since last request: 0.000011 seconds.
  path: Assets/Photon/Fusion/Assemblies/Fusion.Runtime.pdb
  artifactKey: Guid(fa7f23cdc7db24047a03b32c39872f80) Importer(2089858483,0ecaa5967403d082aa24f35e1b516d23)
Start importing Assets/Photon/Fusion/Assemblies/Fusion.Runtime.pdb using Guid(fa7f23cdc7db24047a03b32c39872f80) Importer(2089858483,0ecaa5967403d082aa24f35e1b516d23) Generated GUIDs only implemented for interfaces!
 -> (artifact id: 'b7af938f3b73cc99d20f2cdbfb3848fa') in 0.012919 seconds
Number of updated asset objects reloaded before import = 0
Number of asset objects unloaded after import = 1
========================================================================
Received Import Request.
  Time since last request: 0.000015 seconds.
  path: Assets/Photon/Fusion/Runtime/RuntimeAssets/JetBrainsMono-Regular.ttf
  artifactKey: Guid(a4ed52b30ac954791b7f3c691f1a348e) Importer(2089858483,0ecaa5967403d082aa24f35e1b516d23)
Start importing Assets/Photon/Fusion/Runtime/RuntimeAssets/JetBrainsMono-Regular.ttf using Guid(a4ed52b30ac954791b7f3c691f1a348e) Importer(2089858483,0ecaa5967403d082aa24f35e1b516d23) Generated GUIDs only implemented for interfaces!
 -> (artifact id: '355d5a75d5f39e850e42337e0eb2178b') in 0.030286 seconds
Number of updated asset objects reloaded before import = 0
Number of asset objects unloaded after import = 3
========================================================================
Received Import Request.
  Time since last request: 0.000018 seconds.
  path: Assets/Photon/Fusion/Editor/NetworkProjectConfigImporter.cs
  artifactKey: Guid(66a64a17d0b40f34f9224317a5a84bf2) Importer(2089858483,0ecaa5967403d082aa24f35e1b516d23)
Start importing Assets/Photon/Fusion/Editor/NetworkProjectConfigImporter.cs using Guid(66a64a17d0b40f34f9224317a5a84bf2) Importer(2089858483,0ecaa5967403d082aa24f35e1b516d23) Generated GUIDs only implemented for interfaces!
 -> (artifact id: 'eea012d544761a24690218762b2a50ab') in 0.015555 seconds
Number of updated asset objects reloaded before import = 0
Number of asset objects unloaded after import = 1
========================================================================
Received Import Request.
  Time since last request: 0.000024 seconds.
  path: Assets/Photon/Fusion/Runtime/NetworkCharacterController.cs
  artifactKey: Guid(378411a89480da345945c2f888327a2d) Importer(2089858483,0ecaa5967403d082aa24f35e1b516d23)
Start importing Assets/Photon/Fusion/Runtime/NetworkCharacterController.cs using Guid(378411a89480da345945c2f888327a2d) Importer(2089858483,0ecaa5967403d082aa24f35e1b516d23) Generated GUIDs only implemented for interfaces!
 -> (artifact id: 'f224073fe7b77447f2b81d687b71e4eb') in 0.011416 seconds
Number of updated asset objects reloaded before import = 0
Number of asset objects unloaded after import = 1
========================================================================
Received Import Request.
  Time since last request: 0.000017 seconds.
  path: Assets/Photon/Fusion/Runtime/Fusion.Unity.asmdef
  artifactKey: Guid(1baf1ffff1031e948b3b228ab3453251) Importer(2089858483,0ecaa5967403d082aa24f35e1b516d23)
Start importing Assets/Photon/Fusion/Runtime/Fusion.Unity.asmdef using Guid(1baf1ffff1031e948b3b228ab3453251) Importer(2089858483,0ecaa5967403d082aa24f35e1b516d23) Generated GUIDs only implemented for interfaces!
 -> (artifact id: '9fbcf9820b154de9010d37df66a99db7') in 0.014890 seconds
Number of updated asset objects reloaded before import = 0
Number of asset objects unloaded after import = 1
========================================================================
Received Import Request.
  Time since last request: 0.000015 seconds.
  path: Assets/Photon/Fusion/Editor/EditorResources/Fusion-inline-box-2x.png
  artifactKey: Guid(80273e5c843674a3eae0b3c38a19a511) Importer(2089858483,0ecaa5967403d082aa24f35e1b516d23)
Start importing Assets/Photon/Fusion/Editor/EditorResources/Fusion-inline-box-2x.png using Guid(80273e5c843674a3eae0b3c38a19a511) Importer(2089858483,0ecaa5967403d082aa24f35e1b516d23) Generated GUIDs only implemented for interfaces!
 -> (artifact id: 'a0f99c9e5d62ed379b407a864257f390') in 0.039641 seconds
Number of updated asset objects reloaded before import = 0
Number of asset objects unloaded after import = 3
========================================================================
Received Import Request.
  Time since last request: 0.000017 seconds.
  path: Assets/Photon/Fusion/Editor/Fusion.Unity.Editor.AssemblyAttributes.cs
  artifactKey: Guid(5094317ddb6bdc049aac25f854861ab9) Importer(2089858483,0ecaa5967403d082aa24f35e1b516d23)
Start importing Assets/Photon/Fusion/Editor/Fusion.Unity.Editor.AssemblyAttributes.cs using Guid(5094317ddb6bdc049aac25f854861ab9) Importer(2089858483,0ecaa5967403d082aa24f35e1b516d23) Generated GUIDs only implemented for interfaces!
 -> (artifact id: 'c38ffc051b7b5b1c925ec99bcb9e51ea') in 0.010861 seconds
Number of updated asset objects reloaded before import = 0
Number of asset objects unloaded after import = 1
========================================================================
Received Import Request.
  Time since last request: 0.000016 seconds.
  path: Assets/Photon/Fusion/Runtime/Statistics/FusionStatsPanelHeader.cs
  artifactKey: Guid(0672ffa0bdc147e7b368e081ab5e7285) Importer(2089858483,0ecaa5967403d082aa24f35e1b516d23)
Start importing Assets/Photon/Fusion/Runtime/Statistics/FusionStatsPanelHeader.cs using Guid(0672ffa0bdc147e7b368e081ab5e7285) Importer(2089858483,0ecaa5967403d082aa24f35e1b516d23) Generated GUIDs only implemented for interfaces!
 -> (artifact id: '5abb40b9ec5d16773d1c6e9d9f101237') in 0.011882 seconds
Number of updated asset objects reloaded before import = 0
Number of asset objects unloaded after import = 1
========================================================================
Received Import Request.
  Time since last request: 0.000017 seconds.
  path: Assets/Photon/Fusion/Plugins/NanoSockets/libnanosockets_LICENSE
  artifactKey: Guid(2007cbe994ec1441bb4dc0783ee8d1f5) Importer(2089858483,0ecaa5967403d082aa24f35e1b516d23)
Start importing Assets/Photon/Fusion/Plugins/NanoSockets/libnanosockets_LICENSE using Guid(2007cbe994ec1441bb4dc0783ee8d1f5) Importer(2089858483,0ecaa5967403d082aa24f35e1b516d23) Generated GUIDs only implemented for interfaces!
 -> (artifact id: 'f661c2b6a7c9ed904edba14ef8b7257f') in 0.012640 seconds
Number of updated asset objects reloaded before import = 0
Number of asset objects unloaded after import = 1
========================================================================
Received Import Request.
  Time since last request: 0.000011 seconds.
  path: Assets/Photon/Fusion/Runtime/FusionBootstrapDebugGUI.cs
  artifactKey: Guid(8ba5764f4714bd64ab9efab127938e77) Importer(2089858483,0ecaa5967403d082aa24f35e1b516d23)
Start importing Assets/Photon/Fusion/Runtime/FusionBootstrapDebugGUI.cs using Guid(8ba5764f4714bd64ab9efab127938e77) Importer(2089858483,0ecaa5967403d082aa24f35e1b516d23) Generated GUIDs only implemented for interfaces!
 -> (artifact id: 'e303774aa7f46dee1dba1e24906e12b5') in 0.011723 seconds
Number of updated asset objects reloaded before import = 0
Number of asset objects unloaded after import = 1
========================================================================
Received Import Request.
  Time since last request: 0.000013 seconds.
  path: Assets/Photon/Fusion/Editor/EditorResources/Fusion-outline-box.png
  artifactKey: Guid(223390825bdf7f7488411f7b7ca1c776) Importer(2089858483,0ecaa5967403d082aa24f35e1b516d23)
Start importing Assets/Photon/Fusion/Editor/EditorResources/Fusion-outline-box.png using Guid(223390825bdf7f7488411f7b7ca1c776) Importer(2089858483,0ecaa5967403d082aa24f35e1b516d23) Generated GUIDs only implemented for interfaces!
 -> (artifact id: '9e3b0c78bf833c8fe800c4340b287a43') in 0.038103 seconds
Number of updated asset objects reloaded before import = 0
Number of asset objects unloaded after import = 3
========================================================================
Received Import Request.
  Time since last request: 0.000017 seconds.
  path: Assets/Photon/Fusion/Assemblies/Fusion.Sockets.dll.debug
  artifactKey: Guid(02ee5c5911f692e44a0cec1e51da1507) Importer(2089858483,0ecaa5967403d082aa24f35e1b516d23)
Start importing Assets/Photon/Fusion/Assemblies/Fusion.Sockets.dll.debug using Guid(02ee5c5911f692e44a0cec1e51da1507) Importer(2089858483,0ecaa5967403d082aa24f35e1b516d23) Generated GUIDs only implemented for interfaces!
 -> (artifact id: 'ae3d1bb449f2610cbcc7440eca77cc44') in 0.013262 seconds
Number of updated asset objects reloaded before import = 0
Number of asset objects unloaded after import = 1
========================================================================
Received Import Request.
  Time since last request: 0.000013 seconds.
  path: Assets/Photon/Fusion/Editor/EditorResources/FusionHub/Fusion-hub-icon.png
  artifactKey: Guid(ee9f419d0e0655a4882d707f86b99f2c) Importer(2089858483,0ecaa5967403d082aa24f35e1b516d23)
Start importing Assets/Photon/Fusion/Editor/EditorResources/FusionHub/Fusion-hub-icon.png using Guid(ee9f419d0e0655a4882d707f86b99f2c) Importer(2089858483,0ecaa5967403d082aa24f35e1b516d23) Generated GUIDs only implemented for interfaces!
 -> (artifact id: 'de2b344f560126526061d75498af0819') in 0.035326 seconds
Number of updated asset objects reloaded before import = 0
Number of asset objects unloaded after import = 1
========================================================================
Received Import Request.
  Time since last request: 0.000017 seconds.
  path: Assets/Photon/Fusion/Plugins/NanoSockets/tvOS/libnanosockets.a
  artifactKey: Guid(9a350697ad5cb2e4d9c7826a1ead49f3) Importer(2089858483,0ecaa5967403d082aa24f35e1b516d23)
Start importing Assets/Photon/Fusion/Plugins/NanoSockets/tvOS/libnanosockets.a using Guid(9a350697ad5cb2e4d9c7826a1ead49f3) Importer(2089858483,0ecaa5967403d082aa24f35e1b516d23) Generated GUIDs only implemented for interfaces!
 -> (artifact id: 'e08082a2fce7165544dedc527bc18b3f') in 0.023821 seconds
Number of updated asset objects reloaded before import = 0
Number of asset objects unloaded after import = 1
========================================================================
Received Import Request.
  Time since last request: 0.000025 seconds.
  path: Assets/Photon/Fusion/Runtime/Statistics/Resources/FusionStatsResources/NetworkObjectStatistics.prefab
  artifactKey: Guid(7cc7f808e527f6e4f98257acbf47ad87) Importer(2089858483,0ecaa5967403d082aa24f35e1b516d23)
Start importing Assets/Photon/Fusion/Runtime/Statistics/Resources/FusionStatsResources/NetworkObjectStatistics.prefab using Guid(7cc7f808e527f6e4f98257acbf47ad87) Importer(2089858483,0ecaa5967403d082aa24f35e1b516d23) Generated GUIDs only implemented for interfaces!
 -> (artifact id: '27c2578c282d9e6e968fc7f27aa1a359') in 0.036010 seconds
Number of updated asset objects reloaded before import = 0
Number of asset objects unloaded after import = 87
========================================================================
Received Import Request.
  Time since last request: 0.000019 seconds.
  path: Assets/Photon/Fusion/Plugins/NanoSockets/WebGL/NanoSockets.dll
  artifactKey: Guid(bd2e65f8c0aea6e42850309bca2213c1) Importer(2089858483,0ecaa5967403d082aa24f35e1b516d23)
Start importing Assets/Photon/Fusion/Plugins/NanoSockets/WebGL/NanoSockets.dll using Guid(bd2e65f8c0aea6e42850309bca2213c1) Importer(2089858483,0ecaa5967403d082aa24f35e1b516d23) Generated GUIDs only implemented for interfaces!
 -> (artifact id: 'f50b178ad80b0914aef098b5565de0e1') in 0.017919 seconds
Number of updated asset objects reloaded before import = 0
Number of asset objects unloaded after import = 1
========================================================================
Received Import Request.
  Time since last request: 0.000029 seconds.
  path: Assets/Photon/Fusion/Runtime/Statistics/StatsIcons/FusionStatsGearIcon.png
  artifactKey: Guid(604f27d227e3caa44a1d6626d599fbdb) Importer(2089858483,0ecaa5967403d082aa24f35e1b516d23)
Start importing Assets/Photon/Fusion/Runtime/Statistics/StatsIcons/FusionStatsGearIcon.png using Guid(604f27d227e3caa44a1d6626d599fbdb) Importer(2089858483,0ecaa5967403d082aa24f35e1b516d23) Generated GUIDs only implemented for interfaces!
 -> (artifact id: '4648c7fe9531197423e990d1348b760c') in 0.041963 seconds
Number of updated asset objects reloaded before import = 0
Number of asset objects unloaded after import = 3
========================================================================
Received Import Request.
  Time since last request: 0.000013 seconds.
  path: Assets/Photon/Fusion/Editor/EditorResources/FusionHub/FusionHubSkin.guiskin
  artifactKey: Guid(db84c499838991343a5a0a419616fcbe) Importer(2089858483,0ecaa5967403d082aa24f35e1b516d23)
Start importing Assets/Photon/Fusion/Editor/EditorResources/FusionHub/FusionHubSkin.guiskin using Guid(db84c499838991343a5a0a419616fcbe) Importer(2089858483,0ecaa5967403d082aa24f35e1b516d23) Generated GUIDs only implemented for interfaces!
 -> (artifact id: '8e09c146dc530401c74c281b0ee9a249') in 0.086641 seconds
Number of updated asset objects reloaded before import = 0
Number of asset objects unloaded after import = 2
========================================================================
Received Import Request.
  Time since last request: 0.000012 seconds.
  path: Assets/Photon/Fusion/Runtime/Statistics/StatsIcons/FusionStatsToggleArrowIcon.png
  artifactKey: Guid(330babd635d5dfc4691ae3151ffc4491) Importer(2089858483,0ecaa5967403d082aa24f35e1b516d23)
Start importing Assets/Photon/Fusion/Runtime/Statistics/StatsIcons/FusionStatsToggleArrowIcon.png using Guid(330babd635d5dfc4691ae3151ffc4491) Importer(2089858483,0ecaa5967403d082aa24f35e1b516d23) Generated GUIDs only implemented for interfaces!
 -> (artifact id: 'f4cfc36e7d01e464c8402dbd9848a213') in 0.044484 seconds
Number of updated asset objects reloaded before import = 0
Number of asset objects unloaded after import = 3
========================================================================
Received Import Request.
  Time since last request: 0.000015 seconds.
  path: Assets/Photon/Fusion/Editor/EditorResources/FusionHub/Fusion-hub-samples.png
  artifactKey: Guid(24a22d21fe312f44892796563f01c302) Importer(2089858483,0ecaa5967403d082aa24f35e1b516d23)
Start importing Assets/Photon/Fusion/Editor/EditorResources/FusionHub/Fusion-hub-samples.png using Guid(24a22d21fe312f44892796563f01c302) Importer(2089858483,0ecaa5967403d082aa24f35e1b516d23) Generated GUIDs only implemented for interfaces!
 -> (artifact id: '3e1f0f3bb57dbc89d007fa1cc131e2c5') in 0.038234 seconds
Number of updated asset objects reloaded before import = 0
Number of asset objects unloaded after import = 1
========================================================================
Received Import Request.
  Time since last request: 0.000019 seconds.
  path: Assets/Photon/Fusion/Runtime/Utilities/RunnerVisibility/RunnerVisibilityLink.cs
  artifactKey: Guid(972a7cfee50c64022a98777550cfb7d6) Importer(2089858483,0ecaa5967403d082aa24f35e1b516d23)
Start importing Assets/Photon/Fusion/Runtime/Utilities/RunnerVisibility/RunnerVisibilityLink.cs using Guid(972a7cfee50c64022a98777550cfb7d6) Importer(2089858483,0ecaa5967403d082aa24f35e1b516d23) Generated GUIDs only implemented for interfaces!
 -> (artifact id: '4710fd5459ad7b21a2805fa888fab735') in 0.010699 seconds
Number of updated asset objects reloaded before import = 0
Number of asset objects unloaded after import = 1
========================================================================
Received Import Request.
  Time since last request: 0.000014 seconds.
  path: Assets/Photon/Fusion/Runtime/Utilities/RunnerVisibility/RunnerEnableVisibility.cs
  artifactKey: Guid(b8edbe7108d8a43ab838cf8b8d9453df) Importer(2089858483,0ecaa5967403d082aa24f35e1b516d23)
Start importing Assets/Photon/Fusion/Runtime/Utilities/RunnerVisibility/RunnerEnableVisibility.cs using Guid(b8edbe7108d8a43ab838cf8b8d9453df) Importer(2089858483,0ecaa5967403d082aa24f35e1b516d23) Generated GUIDs only implemented for interfaces!
 -> (artifact id: '9a11b662b2014d24443c7e4c354cf546') in 0.019478 seconds
Number of updated asset objects reloaded before import = 0
Number of asset objects unloaded after import = 1
========================================================================
Received Import Request.
  Time since last request: 0.000013 seconds.
  path: Assets/Photon/Fusion/Editor/EditorResources/FusionHub/Fusion-hub-skin-button.png
  artifactKey: Guid(7c5bca332d2e7d548a317592d570b483) Importer(2089858483,0ecaa5967403d082aa24f35e1b516d23)
Start importing Assets/Photon/Fusion/Editor/EditorResources/FusionHub/Fusion-hub-skin-button.png using Guid(7c5bca332d2e7d548a317592d570b483) Importer(2089858483,0ecaa5967403d082aa24f35e1b516d23) Generated GUIDs only implemented for interfaces!
 -> (artifact id: '65a6730a22f4670116bcf080af7488e8') in 0.036060 seconds
Number of updated asset objects reloaded before import = 0
Number of asset objects unloaded after import = 1
========================================================================
Received Import Request.
  Time since last request: 0.000015 seconds.
  path: Assets/Photon/Fusion/Runtime/NetworkSceneManagerDefault.cs
  artifactKey: Guid(90a93abf1a391964a94e5c139605105b) Importer(2089858483,0ecaa5967403d082aa24f35e1b516d23)
Start importing Assets/Photon/Fusion/Runtime/NetworkSceneManagerDefault.cs using Guid(90a93abf1a391964a94e5c139605105b) Importer(2089858483,0ecaa5967403d082aa24f35e1b516d23) Generated GUIDs only implemented for interfaces!
 -> (artifact id: '7a95219b159707608e1b5a0768faec91') in 0.012179 seconds
Number of updated asset objects reloaded before import = 0
Number of asset objects unloaded after import = 1
========================================================================
Received Import Request.
  Time since last request: 0.000013 seconds.
  path: Assets/Photon/Fusion/Editor/EditorResources/FusionHub/Fusion-hub-skin-window.png
  artifactKey: Guid(8acec593dd6702e4e872b506285ffc4d) Importer(2089858483,0ecaa5967403d082aa24f35e1b516d23)
Start importing Assets/Photon/Fusion/Editor/EditorResources/FusionHub/Fusion-hub-skin-window.png using Guid(8acec593dd6702e4e872b506285ffc4d) Importer(2089858483,0ecaa5967403d082aa24f35e1b516d23) Generated GUIDs only implemented for interfaces!
 -> (artifact id: '8363f0a77cd3ecccfbb258b5c4bfdde1') in 0.039051 seconds
Number of updated asset objects reloaded before import = 0
Number of asset objects unloaded after import = 1
========================================================================
Received Import Request.
  Time since last request: 0.000014 seconds.
  path: Assets/Photon/Fusion/CodeGen/Fusion.CodeGen.asmdef
  artifactKey: Guid(d9d8635f8670c0c44ba7a8140f7ac7b9) Importer(2089858483,0ecaa5967403d082aa24f35e1b516d23)
Start importing Assets/Photon/Fusion/CodeGen/Fusion.CodeGen.asmdef using Guid(d9d8635f8670c0c44ba7a8140f7ac7b9) Importer(2089858483,0ecaa5967403d082aa24f35e1b516d23) Generated GUIDs only implemented for interfaces!
 -> (artifact id: '52f7d8d0002682aacd5f22e73c9695b3') in 0.014658 seconds
Number of updated asset objects reloaded before import = 0
Number of asset objects unloaded after import = 1
========================================================================
Received Import Request.
  Time since last request: 0.000015 seconds.
  path: Assets/Photon/Fusion/Editor/EditorResources/Fusion-light-help-button-off.png
  artifactKey: Guid(2d73479cf571d21409b2656fd24f7737) Importer(2089858483,0ecaa5967403d082aa24f35e1b516d23)
Start importing Assets/Photon/Fusion/Editor/EditorResources/Fusion-light-help-button-off.png using Guid(2d73479cf571d21409b2656fd24f7737) Importer(2089858483,0ecaa5967403d082aa24f35e1b516d23) Generated GUIDs only implemented for interfaces!
 -> (artifact id: '19e4e573473b3223ec9db59032317a4c') in 0.042507 seconds
Number of updated asset objects reloaded before import = 0
Number of asset objects unloaded after import = 3
========================================================================
Received Import Request.
  Time since last request: 0.000015 seconds.
  path: Assets/Photon/Fusion/Plugins/NanoSockets/macOS/libnanosockets.dylib
  artifactKey: Guid(2c0df08904df4144ebd5a1e9b53c4b34) Importer(2089858483,0ecaa5967403d082aa24f35e1b516d23)
Start importing Assets/Photon/Fusion/Plugins/NanoSockets/macOS/libnanosockets.dylib using Guid(2c0df08904df4144ebd5a1e9b53c4b34) Importer(2089858483,0ecaa5967403d082aa24f35e1b516d23) Generated GUIDs only implemented for interfaces!
 -> (artifact id: '32c306d4db5643c5314fdcdc8bca420f') in 0.017313 seconds
Number of updated asset objects reloaded before import = 0
Number of asset objects unloaded after import = 1
========================================================================
Received Import Request.
  Time since last request: 0.000015 seconds.
  path: Assets/Photon/Fusion/Assemblies/Fusion.Sockets.pdb.debug
  artifactKey: Guid(4da11c4b9bd14f146984f58dd9a83d27) Importer(2089858483,0ecaa5967403d082aa24f35e1b516d23)
Start importing Assets/Photon/Fusion/Assemblies/Fusion.Sockets.pdb.debug using Guid(4da11c4b9bd14f146984f58dd9a83d27) Importer(2089858483,0ecaa5967403d082aa24f35e1b516d23) Generated GUIDs only implemented for interfaces!
 -> (artifact id: '00460a63a0d5095f59d83d0a09aefa54') in 0.009855 seconds
Number of updated asset objects reloaded before import = 0
Number of asset objects unloaded after import = 1
========================================================================
Received Import Request.
  Time since last request: 0.000013 seconds.
  path: Assets/Photon/Fusion/Runtime/FusionBootstrapDebugGUIStartWindow.png
  artifactKey: Guid(a7a6709449d68482c8c03bb546ddcaec) Importer(2089858483,0ecaa5967403d082aa24f35e1b516d23)
Start importing Assets/Photon/Fusion/Runtime/FusionBootstrapDebugGUIStartWindow.png using Guid(a7a6709449d68482c8c03bb546ddcaec) Importer(2089858483,0ecaa5967403d082aa24f35e1b516d23) Generated GUIDs only implemented for interfaces!
 -> (artifact id: 'a94251e3fd376a6e6c249dd74910e928') in 0.045217 seconds
Number of updated asset objects reloaded before import = 0
Number of asset objects unloaded after import = 1
========================================================================
Received Import Request.
  Time since last request: 0.000024 seconds.
  path: Assets/Photon/Fusion/Runtime/Utilities/RunnerVisibility/RunnerAOIGizmos.cs
  artifactKey: Guid(a09b7c3c2f0604fef93beb7057001dbb) Importer(2089858483,0ecaa5967403d082aa24f35e1b516d23)
Start importing Assets/Photon/Fusion/Runtime/Utilities/RunnerVisibility/RunnerAOIGizmos.cs using Guid(a09b7c3c2f0604fef93beb7057001dbb) Importer(2089858483,0ecaa5967403d082aa24f35e1b516d23) Generated GUIDs only implemented for interfaces!
 -> (artifact id: '9e1b3d72ad94a1339afff5d9f313705b') in 0.015326 seconds
Number of updated asset objects reloaded before import = 0
Number of asset objects unloaded after import = 1
========================================================================
Received Import Request.
  Time since last request: 0.000024 seconds.
  path: Assets/Photon/Fusion/Editor/FusionEditorSkin.cs
  artifactKey: Guid(2119ee8fcf3d90445867b93c17e27272) Importer(2089858483,0ecaa5967403d082aa24f35e1b516d23)
Start importing Assets/Photon/Fusion/Editor/FusionEditorSkin.cs using Guid(2119ee8fcf3d90445867b93c17e27272) Importer(2089858483,0ecaa5967403d082aa24f35e1b516d23) Generated GUIDs only implemented for interfaces!
 -> (artifact id: '761d54ed41a05da988e525ec64135a97') in 0.012892 seconds
Number of updated asset objects reloaded before import = 0
Number of asset objects unloaded after import = 1
========================================================================
Received Import Request.
  Time since last request: 0.000015 seconds.
  path: Assets/Photon/Fusion/Editor/Fusion.Unity.Editor.asmdef
  artifactKey: Guid(4d449a4732e064d26a3069f2cfd88917) Importer(2089858483,0ecaa5967403d082aa24f35e1b516d23)
Start importing Assets/Photon/Fusion/Editor/Fusion.Unity.Editor.asmdef using Guid(4d449a4732e064d26a3069f2cfd88917) Importer(2089858483,0ecaa5967403d082aa24f35e1b516d23) Generated GUIDs only implemented for interfaces!
 -> (artifact id: 'df4d59e35e058290f0f5f4faf212ab49') in 0.015110 seconds
Number of updated asset objects reloaded before import = 0
Number of asset objects unloaded after import = 1
========================================================================
Received Import Request.
  Time since last request: 0.000013 seconds.
  path: Assets/Photon/Fusion/Runtime/Statistics/FusionStatsGraphDefault.cs
  artifactKey: Guid(a1c807bdcb1b9874697735bf2b27b24c) Importer(2089858483,0ecaa5967403d082aa24f35e1b516d23)
Start importing Assets/Photon/Fusion/Runtime/Statistics/FusionStatsGraphDefault.cs using Guid(a1c807bdcb1b9874697735bf2b27b24c) Importer(2089858483,0ecaa5967403d082aa24f35e1b516d23) Generated GUIDs only implemented for interfaces!
 -> (artifact id: 'f73a63e1c32147f0a1f555fd0e8fbe9e') in 0.011865 seconds
Number of updated asset objects reloaded before import = 0
Number of asset objects unloaded after import = 1
========================================================================
Received Import Request.
  Time since last request: 0.000013 seconds.
  path: Assets/Photon/PhotonLibs/WebSocket/websocket-sharp.dll
  artifactKey: Guid(748eb70bc0d7515498ef73fed155520a) Importer(2089858483,0ecaa5967403d082aa24f35e1b516d23)
Start importing Assets/Photon/PhotonLibs/WebSocket/websocket-sharp.dll using Guid(748eb70bc0d7515498ef73fed155520a) Importer(2089858483,0ecaa5967403d082aa24f35e1b516d23) Generated GUIDs only implemented for interfaces!
 -> (artifact id: '75b48c6501f01c1a7fb916714f04b30a') in 0.018337 seconds
Number of updated asset objects reloaded before import = 0
Number of asset objects unloaded after import = 1
========================================================================
Received Import Request.
  Time since last request: 0.000014 seconds.
  path: Assets/Photon/Fusion/Plugins/NanoSockets/Android/arm64-v8a/libnanosockets.so
  artifactKey: Guid(fd330aee9172d2c4087e7baffb8d9f5d) Importer(2089858483,0ecaa5967403d082aa24f35e1b516d23)
Start importing Assets/Photon/Fusion/Plugins/NanoSockets/Android/arm64-v8a/libnanosockets.so using Guid(fd330aee9172d2c4087e7baffb8d9f5d) Importer(2089858483,0ecaa5967403d082aa24f35e1b516d23) Generated GUIDs only implemented for interfaces!
 -> (artifact id: '48a3a5d56f950001475e22831754090b') in 0.014164 seconds
Number of updated asset objects reloaded before import = 0
Number of asset objects unloaded after import = 1
========================================================================
Received Import Request.
  Time since last request: 0.000012 seconds.
  path: Assets/Photon/Fusion/Plugins/NanoSockets/iOS/libnanosockets.a
  artifactKey: Guid(ce1995280bfb011488cdf6e584ba46bc) Importer(2089858483,0ecaa5967403d082aa24f35e1b516d23)
Start importing Assets/Photon/Fusion/Plugins/NanoSockets/iOS/libnanosockets.a using Guid(ce1995280bfb011488cdf6e584ba46bc) Importer(2089858483,0ecaa5967403d082aa24f35e1b516d23) Generated GUIDs only implemented for interfaces!
 -> (artifact id: 'd67386131005ad513486fc01ddc5048c') in 0.017930 seconds
Number of updated asset objects reloaded before import = 0
Number of asset objects unloaded after import = 1
========================================================================
Received Import Request.
  Time since last request: 0.000015 seconds.
  path: Assets/Photon/Fusion/Editor/FusionHubWindow.cs
  artifactKey: Guid(6d3bb7f5f74058d48bec8c16fc988309) Importer(2089858483,0ecaa5967403d082aa24f35e1b516d23)
Start importing Assets/Photon/Fusion/Editor/FusionHubWindow.cs using Guid(6d3bb7f5f74058d48bec8c16fc988309) Importer(2089858483,0ecaa5967403d082aa24f35e1b516d23) Generated GUIDs only implemented for interfaces!
 -> (artifact id: 'd1b6c30401daf467cc1224e95c7ca763') in 0.010260 seconds
Number of updated asset objects reloaded before import = 0
Number of asset objects unloaded after import = 1
========================================================================
Received Import Request.
  Time since last request: 0.000015 seconds.
  path: Assets/Photon/Fusion/Runtime/FusionBasicBillboard.cs
  artifactKey: Guid(25acde9209338d24d83cc1c826297be4) Importer(2089858483,0ecaa5967403d082aa24f35e1b516d23)
Start importing Assets/Photon/Fusion/Runtime/FusionBasicBillboard.cs using Guid(25acde9209338d24d83cc1c826297be4) Importer(2089858483,0ecaa5967403d082aa24f35e1b516d23) Generated GUIDs only implemented for interfaces!
 -> (artifact id: '269a0d14f54362a82be56f57d96ba610') in 0.013361 seconds
Number of updated asset objects reloaded before import = 0
Number of asset objects unloaded after import = 1
========================================================================
Received Import Request.
  Time since last request: 0.000020 seconds.
  path: Assets/Photon/PhotonLibs/netstandard2.0/Photon3Unity3D.dll
  artifactKey: Guid(6a558ae793155af4b9b9ab945fc64a0f) Importer(2089858483,0ecaa5967403d082aa24f35e1b516d23)
Start importing Assets/Photon/PhotonLibs/netstandard2.0/Photon3Unity3D.dll using Guid(6a558ae793155af4b9b9ab945fc64a0f) Importer(2089858483,0ecaa5967403d082aa24f35e1b516d23) Generated GUIDs only implemented for interfaces!
 -> (artifact id: 'ebaa36aaf4b36c92f627b03ca5ce6640') in 0.019781 seconds
Number of updated asset objects reloaded before import = 0
Number of asset objects unloaded after import = 1
========================================================================
Received Import Request.
  Time since last request: 0.000014 seconds.
  path: Assets/Photon/Fusion/Runtime/Statistics/Prefabs/NOStatGraph.prefab
  artifactKey: Guid(302a42a4eb4d5e540b803b1f86597505) Importer(2089858483,0ecaa5967403d082aa24f35e1b516d23)
Start importing Assets/Photon/Fusion/Runtime/Statistics/Prefabs/NOStatGraph.prefab using Guid(302a42a4eb4d5e540b803b1f86597505) Importer(2089858483,0ecaa5967403d082aa24f35e1b516d23) Generated GUIDs only implemented for interfaces!
 -> (artifact id: '03e003ba1da712995cbfe8285571e555') in 0.020134 seconds
Number of updated asset objects reloaded before import = 0
Number of asset objects unloaded after import = 63
========================================================================
Received Import Request.
  Time since last request: 0.000018 seconds.
  path: Assets/Photon/PhotonLibs/WebSocket/PhotonWebSocket.asmdef
  artifactKey: Guid(a10ff188cbfd201409863c062b118e1d) Importer(2089858483,0ecaa5967403d082aa24f35e1b516d23)
Start importing Assets/Photon/PhotonLibs/WebSocket/PhotonWebSocket.asmdef using Guid(a10ff188cbfd201409863c062b118e1d) Importer(2089858483,0ecaa5967403d082aa24f35e1b516d23) Generated GUIDs only implemented for interfaces!
 -> (artifact id: 'd2143d784b73e420731150db9d67e828') in 0.012273 seconds
Number of updated asset objects reloaded before import = 0
Number of asset objects unloaded after import = 1
========================================================================
Received Import Request.
  Time since last request: 0.000017 seconds.
  path: Assets/Photon/Fusion/Runtime/Statistics/Resources/FusionStatsResources/FusionStatsRenderPanel.prefab
  artifactKey: Guid(367c5caf25960d8419724c6c96708538) Importer(2089858483,0ecaa5967403d082aa24f35e1b516d23)
Start importing Assets/Photon/Fusion/Runtime/Statistics/Resources/FusionStatsResources/FusionStatsRenderPanel.prefab using Guid(367c5caf25960d8419724c6c96708538) Importer(2089858483,0ecaa5967403d082aa24f35e1b516d23) Generated GUIDs only implemented for interfaces!
 -> (artifact id: 'baf3e2d9da7261ee86ccb463f5af1e2a') in 0.035258 seconds
Number of updated asset objects reloaded before import = 0
Number of asset objects unloaded after import = 187
========================================================================
Received Import Request.
  Time since last request: 0.000018 seconds.
  path: Assets/Photon/Fusion/Runtime/Fusion.Unity.AssemblyAttributes.cs
  artifactKey: Guid(87e3886742c1ae04096a83c7188f1d9b) Importer(2089858483,0ecaa5967403d082aa24f35e1b516d23)
Start importing Assets/Photon/Fusion/Runtime/Fusion.Unity.AssemblyAttributes.cs using Guid(87e3886742c1ae04096a83c7188f1d9b) Importer(2089858483,0ecaa5967403d082aa24f35e1b516d23) Generated GUIDs only implemented for interfaces!
 -> (artifact id: '01997ea7f901067284b6a1291f34199d') in 0.016509 seconds
Number of updated asset objects reloaded before import = 0
Number of asset objects unloaded after import = 1
========================================================================
Received Import Request.
  Time since last request: 0.000023 seconds.
  path: Assets/Photon/Fusion/Assemblies/Fusion.Sockets.dll
  artifactKey: Guid(850f5b8096bb4c64abfef35065cde6b1) Importer(2089858483,0ecaa5967403d082aa24f35e1b516d23)
Start importing Assets/Photon/Fusion/Assemblies/Fusion.Sockets.dll using Guid(850f5b8096bb4c64abfef35065cde6b1) Importer(2089858483,0ecaa5967403d082aa24f35e1b516d23) Generated GUIDs only implemented for interfaces!
 -> (artifact id: '523fd8ff614ddbca399ad16704478373') in 0.011591 seconds
Number of updated asset objects reloaded before import = 0
Number of asset objects unloaded after import = 1
========================================================================
Received Import Request.
  Time since last request: 0.000014 seconds.
  path: Assets/Photon/Fusion/Runtime/Fusion.Unity.cs
  artifactKey: Guid(4a69219964762b240b6138a56c829f26) Importer(2089858483,0ecaa5967403d082aa24f35e1b516d23)
Start importing Assets/Photon/Fusion/Runtime/Fusion.Unity.cs using Guid(4a69219964762b240b6138a56c829f26) Importer(2089858483,0ecaa5967403d082aa24f35e1b516d23) Generated GUIDs only implemented for interfaces!
 -> (artifact id: '0e2fa752eca2423d68899cb3f9f03585') in 0.011113 seconds
Number of updated asset objects reloaded before import = 0
Number of asset objects unloaded after import = 1
========================================================================
Received Import Request.
  Time since last request: 0.000017 seconds.
  path: Assets/Photon/Fusion/Runtime/Statistics/Prefabs/SingleStatistics.prefab
  artifactKey: Guid(483568e790e53a243a4f436e924e90b9) Importer(2089858483,0ecaa5967403d082aa24f35e1b516d23)
Start importing Assets/Photon/Fusion/Runtime/Statistics/Prefabs/SingleStatistics.prefab using Guid(483568e790e53a243a4f436e924e90b9) Importer(2089858483,0ecaa5967403d082aa24f35e1b516d23) Generated GUIDs only implemented for interfaces!
 -> (artifact id: 'b1ffb2885bdaad7f606f858a46ccd5ac') in 0.017370 seconds
Number of updated asset objects reloaded before import = 0
Number of asset objects unloaded after import = 72
========================================================================
Received Import Request.
  Time since last request: 0.000012 seconds.
  path: Assets/Photon/Fusion/Assemblies/Fusion.Common.pdb
  artifactKey: Guid(06a130deec3466c468008576b8ce482f) Importer(2089858483,0ecaa5967403d082aa24f35e1b516d23)
Start importing Assets/Photon/Fusion/Assemblies/Fusion.Common.pdb using Guid(06a130deec3466c468008576b8ce482f) Importer(2089858483,0ecaa5967403d082aa24f35e1b516d23) Generated GUIDs only implemented for interfaces!
 -> (artifact id: '6a2d0d7ccc31d5a0dd425ea552865481') in 0.012648 seconds
Number of updated asset objects reloaded before import = 0
Number of asset objects unloaded after import = 1
========================================================================
Received Import Request.
  Time since last request: 0.000014 seconds.
  path: Assets/Photon/Fusion/Editor/EditorResources/Fusion-dark-help-button-off.png
  artifactKey: Guid(1cb1b1bf7bfc6574a95f9a2bc7421c60) Importer(2089858483,0ecaa5967403d082aa24f35e1b516d23)
Start importing Assets/Photon/Fusion/Editor/EditorResources/Fusion-dark-help-button-off.png using Guid(1cb1b1bf7bfc6574a95f9a2bc7421c60) Importer(2089858483,0ecaa5967403d082aa24f35e1b516d23) Generated GUIDs only implemented for interfaces!
 -> (artifact id: 'a45ffd9029db5babe4f4701c6e61c5d0') in 0.041530 seconds
Number of updated asset objects reloaded before import = 0
Number of asset objects unloaded after import = 3
========================================================================
Received Import Request.
  Time since last request: 0.000021 seconds.
  path: Assets/Photon/Fusion/CodeGen/Fusion.CodeGen.User.cs
  artifactKey: Guid(5f9faa3ffc014c941995a81138385040) Importer(2089858483,0ecaa5967403d082aa24f35e1b516d23)
Start importing Assets/Photon/Fusion/CodeGen/Fusion.CodeGen.User.cs using Guid(5f9faa3ffc014c941995a81138385040) Importer(2089858483,0ecaa5967403d082aa24f35e1b516d23) Generated GUIDs only implemented for interfaces!
 -> (artifact id: '2a146f884ae4b868a14ea6aec0a0a677') in 0.011878 seconds
Number of updated asset objects reloaded before import = 0
Number of asset objects unloaded after import = 1
========================================================================
Received Import Request.
  Time since last request: 0.000015 seconds.
  path: Assets/Photon/Fusion/Editor/EditorResources/Fusion-light-help-button-on.png
  artifactKey: Guid(decc33e0428e74349941f54fe6299753) Importer(2089858483,0ecaa5967403d082aa24f35e1b516d23)
Start importing Assets/Photon/Fusion/Editor/EditorResources/Fusion-light-help-button-on.png using Guid(decc33e0428e74349941f54fe6299753) Importer(2089858483,0ecaa5967403d082aa24f35e1b516d23) Generated GUIDs only implemented for interfaces!
 -> (artifact id: '90e1045c2cec08f416f0ecbc4dd23476') in 0.041522 seconds
Number of updated asset objects reloaded before import = 0
Number of asset objects unloaded after import = 3
========================================================================
Received Import Request.
  Time since last request: 0.000012 seconds.
  path: Assets/Photon/Fusion/Editor/EditorResources/FusionHub/Fusion-hub-logo.png
  artifactKey: Guid(3ffdd609e3329cb46a9ac335d4539399) Importer(2089858483,0ecaa5967403d082aa24f35e1b516d23)
Start importing Assets/Photon/Fusion/Editor/EditorResources/FusionHub/Fusion-hub-logo.png using Guid(3ffdd609e3329cb46a9ac335d4539399) Importer(2089858483,0ecaa5967403d082aa24f35e1b516d23) Generated GUIDs only implemented for interfaces!
 -> (artifact id: '6b7ba480403f3b434da549d4444fd057') in 0.036546 seconds
Number of updated asset objects reloaded before import = 0
Number of asset objects unloaded after import = 1
========================================================================
Received Import Request.
  Time since last request: 0.000011 seconds.
  path: Assets/Photon/Fusion/Editor/NetworkProjectConfigImporterEditor.cs
  artifactKey: Guid(e94c67db235c29f4891980a488edca07) Importer(2089858483,0ecaa5967403d082aa24f35e1b516d23)
Start importing Assets/Photon/Fusion/Editor/NetworkProjectConfigImporterEditor.cs using Guid(e94c67db235c29f4891980a488edca07) Importer(2089858483,0ecaa5967403d082aa24f35e1b516d23) Generated GUIDs only implemented for interfaces!
 -> (artifact id: '5e7ac0d90802810858104911431d3a76') in 0.015019 seconds
Number of updated asset objects reloaded before import = 0
Number of asset objects unloaded after import = 1
========================================================================
Received Import Request.
  Time since last request: 0.000012 seconds.
  path: Assets/Photon/Fusion/Editor/EditorResources/Fusion-inline-help-box.png
  artifactKey: Guid(7428079610f074ba484c046f3cc92512) Importer(2089858483,0ecaa5967403d082aa24f35e1b516d23)
Start importing Assets/Photon/Fusion/Editor/EditorResources/Fusion-inline-help-box.png using Guid(7428079610f074ba484c046f3cc92512) Importer(2089858483,0ecaa5967403d082aa24f35e1b516d23) Generated GUIDs only implemented for interfaces!
 -> (artifact id: '8bd6658e232f059ef8a85e551aa833b3') in 0.040162 seconds
Number of updated asset objects reloaded before import = 0
Number of asset objects unloaded after import = 3
========================================================================
Received Import Request.
  Time since last request: 0.000013 seconds.
  path: Assets/Photon/Fusion/Assemblies/Fusion.Sockets.pdb
  artifactKey: Guid(4a250dd146e64124facce2828dafee3f) Importer(2089858483,0ecaa5967403d082aa24f35e1b516d23)
Start importing Assets/Photon/Fusion/Assemblies/Fusion.Sockets.pdb using Guid(4a250dd146e64124facce2828dafee3f) Importer(2089858483,0ecaa5967403d082aa24f35e1b516d23) Generated GUIDs only implemented for interfaces!
 -> (artifact id: 'a099b7bfa3f02934d0317b0f82f8da66') in 0.010526 seconds
Number of updated asset objects reloaded before import = 0
Number of asset objects unloaded after import = 1
========================================================================
Received Import Request.
  Time since last request: 0.000035 seconds.
  path: Assets/Photon/Fusion/Editor/EditorResources/FusionHub/Fusion-hub-skin-button-hover.png
  artifactKey: Guid(28ab15b073656894582b34905fc3ef9b) Importer(2089858483,0ecaa5967403d082aa24f35e1b516d23)
Start importing Assets/Photon/Fusion/Editor/EditorResources/FusionHub/Fusion-hub-skin-button-hover.png using Guid(28ab15b073656894582b34905fc3ef9b) Importer(2089858483,0ecaa5967403d082aa24f35e1b516d23) Generated GUIDs only implemented for interfaces!
 -> (artifact id: '14d51c5b07503bb8d8dc046bb0b1c778') in 0.037258 seconds
Number of updated asset objects reloaded before import = 0
Number of asset objects unloaded after import = 1
========================================================================
Received Import Request.
  Time since last request: 0.000022 seconds.
  path: Assets/Photon/Fusion/Runtime/RuntimeAssets/Roboto-Regular.ttf
  artifactKey: Guid(5b587a998c6994e4a9a7e724729f140e) Importer(2089858483,0ecaa5967403d082aa24f35e1b516d23)
Start importing Assets/Photon/Fusion/Runtime/RuntimeAssets/Roboto-Regular.ttf using Guid(5b587a998c6994e4a9a7e724729f140e) Importer(2089858483,0ecaa5967403d082aa24f35e1b516d23) Generated GUIDs only implemented for interfaces!
 -> (artifact id: 'a27273c58d4dbf5e602576b33587bcb5') in 0.019934 seconds
Number of updated asset objects reloaded before import = 0
Number of asset objects unloaded after import = 3
========================================================================
Received Import Request.
  Time since last request: 0.000018 seconds.
  path: Assets/Photon/Fusion/Editor/EditorResources/FusionHub/Fusion-hub-information.png
  artifactKey: Guid(0a86c2478d62ef74bb46b7906cac7fb2) Importer(2089858483,0ecaa5967403d082aa24f35e1b516d23)
Start importing Assets/Photon/Fusion/Editor/EditorResources/FusionHub/Fusion-hub-information.png using Guid(0a86c2478d62ef74bb46b7906cac7fb2) Importer(2089858483,0ecaa5967403d082aa24f35e1b516d23) Generated GUIDs only implemented for interfaces!
 -> (artifact id: '9895590a97df93ba008cee55606b6953') in 0.037273 seconds
Number of updated asset objects reloaded before import = 0
Number of asset objects unloaded after import = 1
========================================================================
Received Import Request.
  Time since last request: 0.000012 seconds.
  path: Assets/Photon/Fusion/Editor/EditorResources/FusionHub/Fusion-hub-skin-steel.png
  artifactKey: Guid(0566916d8e2825c4b8ca741167d4ddda) Importer(2089858483,0ecaa5967403d082aa24f35e1b516d23)
Start importing Assets/Photon/Fusion/Editor/EditorResources/FusionHub/Fusion-hub-skin-steel.png using Guid(0566916d8e2825c4b8ca741167d4ddda) Importer(2089858483,0ecaa5967403d082aa24f35e1b516d23) Generated GUIDs only implemented for interfaces!
 -> (artifact id: 'cebc7f8075baf0f73958b4d829fa6b0b') in 0.036659 seconds
Number of updated asset objects reloaded before import = 0
Number of asset objects unloaded after import = 1
========================================================================
Received Import Request.
  Time since last request: 0.000016 seconds.
  path: Assets/Photon/Fusion/Plugins/NanoSockets/Android/x86/libnanosockets.so
  artifactKey: Guid(abb420497d9a79343b4647172f1fa2ec) Importer(2089858483,0ecaa5967403d082aa24f35e1b516d23)
Start importing Assets/Photon/Fusion/Plugins/NanoSockets/Android/x86/libnanosockets.so using Guid(abb420497d9a79343b4647172f1fa2ec) Importer(2089858483,0ecaa5967403d082aa24f35e1b516d23) Generated GUIDs only implemented for interfaces!
 -> (artifact id: 'e1346a90739b9856d9f427cdafadb595') in 0.017816 seconds
Number of updated asset objects reloaded before import = 0
Number of asset objects unloaded after import = 1
