Using pre-set license
Built from '2022.3/staging' branch; Version is '2022.3.17f1 (4fc78088f837) revision 5228416'; Using compiler version '192829333'; Build Type 'Release'
OS: 'Windows 10  (10.0.19045) 64bit Core' Language: 'en' Physical Memory: 32689 MB
BatchMode: 1, IsHumanControllingUs: 0, StartBugReporterOnCrash: 0, Is64bit: 1, IsPro: 1

COMMAND LINE ARGUMENTS:
C:\Program Files\Unity\Hub\Editor\2022.3.17f1\Editor\Unity.exe
-adb2
-batchMode
-noUpm
-name
AssetImportWorker0
-projectPath
C:/Users/Jaden/Documents/MyUnityProjects/FPS_SharedMode
-logFile
Logs/AssetImportWorker0.log
-srvPort
62598
Successfully changed project path to: C:/Users/Jaden/Documents/MyUnityProjects/FPS_SharedMode
C:/Users/Jaden/Documents/MyUnityProjects/FPS_SharedMode
[UnityMemory] Configuration Parameters - Can be set up in boot.config
    "memorysetup-bucket-allocator-granularity=16"
    "memorysetup-bucket-allocator-bucket-count=8"
    "memorysetup-bucket-allocator-block-size=33554432"
    "memorysetup-bucket-allocator-block-count=8"
    "memorysetup-main-allocator-block-size=16777216"
    "memorysetup-thread-allocator-block-size=16777216"
    "memorysetup-gfx-main-allocator-block-size=16777216"
    "memorysetup-gfx-thread-allocator-block-size=16777216"
    "memorysetup-cache-allocator-block-size=4194304"
    "memorysetup-typetree-allocator-block-size=2097152"
    "memorysetup-profiler-bucket-allocator-granularity=16"
    "memorysetup-profiler-bucket-allocator-bucket-count=8"
    "memorysetup-profiler-bucket-allocator-block-size=33554432"
    "memorysetup-profiler-bucket-allocator-block-count=8"
    "memorysetup-profiler-allocator-block-size=16777216"
    "memorysetup-profiler-editor-allocator-block-size=1048576"
    "memorysetup-temp-allocator-size-main=16777216"
    "memorysetup-job-temp-allocator-block-size=2097152"
    "memorysetup-job-temp-allocator-block-size-background=1048576"
    "memorysetup-job-temp-allocator-reduction-small-platforms=262144"
    "memorysetup-allocator-temp-initial-block-size-main=262144"
    "memorysetup-allocator-temp-initial-block-size-worker=262144"
    "memorysetup-temp-allocator-size-background-worker=32768"
    "memorysetup-temp-allocator-size-job-worker=262144"
    "memorysetup-temp-allocator-size-preload-manager=33554432"
    "memorysetup-temp-allocator-size-nav-mesh-worker=65536"
    "memorysetup-temp-allocator-size-audio-worker=65536"
    "memorysetup-temp-allocator-size-cloud-worker=32768"
    "memorysetup-temp-allocator-size-gi-baking-worker=262144"
    "memorysetup-temp-allocator-size-gfx=262144"
Player connection [135040] Host "[IP] 192.168.0.199 [Port] 0 [Flags] 2 [Guid] 300577412 [EditorId] 300577412 [Version] 1048832 [Id] WindowsEditor(7,DESKTOP-IJIFQF8) [Debug] 1 [PackageName] WindowsEditor [ProjectName] Editor" joined multi-casting on [225.0.0.222:54997]...

Player connection [135040] Host "[IP] 192.168.0.199 [Port] 0 [Flags] 2 [Guid] 300577412 [EditorId] 300577412 [Version] 1048832 [Id] WindowsEditor(7,DESKTOP-IJIFQF8) [Debug] 1 [PackageName] WindowsEditor [ProjectName] Editor" joined alternative multi-casting on [225.0.0.222:34997]...

[Physics::Module] Initialized MultithreadedJobDispatcher with 15 workers.
Refreshing native plugins compatible for Editor in 27.29 ms, found 4 plugins.
Preloading 0 native plugins for Editor in 0.00 ms.
Initialize engine version: 2022.3.17f1 (4fc78088f837)
[Subsystems] Discovering subsystems at path C:/Program Files/Unity/Hub/Editor/2022.3.17f1/Editor/Data/Resources/UnitySubsystems
[Subsystems] Discovering subsystems at path C:/Users/Jaden/Documents/MyUnityProjects/FPS_SharedMode/Assets
GfxDevice: creating device client; threaded=0; jobified=0
Direct3D:
    Version:  Direct3D 11.0 [level 11.1]
    Renderer: NVIDIA GeForce RTX 3060 Ti (ID=0x2489)
    Vendor:   NVIDIA
    VRAM:     8024 MB
    Driver:   32.0.15.6636
Initialize mono
Mono path[0] = 'C:/Program Files/Unity/Hub/Editor/2022.3.17f1/Editor/Data/Managed'
Mono path[1] = 'C:/Program Files/Unity/Hub/Editor/2022.3.17f1/Editor/Data/MonoBleedingEdge/lib/mono/unityjit-win32'
Mono config path = 'C:/Program Files/Unity/Hub/Editor/2022.3.17f1/Editor/Data/MonoBleedingEdge/etc'
Using monoOptions --debugger-agent=transport=dt_socket,embedding=1,server=y,suspend=n,address=127.0.0.1:56092
Begin MonoManager ReloadAssembly
Registering precompiled unity dll's ...
Register platform support module: C:/Program Files/Unity/Hub/Editor/2022.3.17f1/Editor/Data/PlaybackEngines/AndroidPlayer/UnityEditor.Android.Extensions.dll
Register platform support module: C:/Program Files/Unity/Hub/Editor/2022.3.17f1/Editor/Data/PlaybackEngines/iOSSupport/UnityEditor.iOS.Extensions.dll
Register platform support module: C:/Program Files/Unity/Hub/Editor/2022.3.17f1/Editor/Data/PlaybackEngines/WindowsStandaloneSupport/UnityEditor.WindowsStandalone.Extensions.dll
Registered in 0.014480 seconds.
- Loaded All Assemblies, in  0.407 seconds
Native extension for WindowsStandalone target not found
[usbmuxd] Start listen thread
[usbmuxd] Listen thread started
[usbmuxd] Send listen message
Native extension for iOS target not found
Native extension for Android target not found
Android Extension - Scanning For ADB Devices 1032 ms
Mono: successfully reloaded assembly
- Finished resetting the current domain, in  1.376 seconds
Domain Reload Profiling: 1781ms
	BeginReloadAssembly (124ms)
		ExecutionOrderSort (0ms)
		DisableScriptedObjects (0ms)
		BackupInstance (0ms)
		ReleaseScriptingObjects (0ms)
		CreateAndSetChildDomain (1ms)
	RebuildCommonClasses (42ms)
	RebuildNativeTypeToScriptingClass (10ms)
	initialDomainReloadingComplete (72ms)
	LoadAllAssembliesAndSetupDomain (157ms)
		LoadAssemblies (121ms)
		RebuildTransferFunctionScriptingTraits (0ms)
		AnalyzeDomain (154ms)
			TypeCache.Refresh (153ms)
				TypeCache.ScanAssembly (138ms)
			ScanForSourceGeneratedMonoScriptInfo (0ms)
			ResolveRequiredComponents (0ms)
	FinalizeReload (1377ms)
		ReleaseScriptCaches (0ms)
		RebuildScriptCaches (0ms)
		SetupLoadedEditorAssemblies (1321ms)
			LogAssemblyErrors (0ms)
			InitializePlatformSupportModulesInManaged (1148ms)
			SetLoadedEditorAssemblies (4ms)
			RefreshPlugins (0ms)
			BeforeProcessingInitializeOnLoad (2ms)
			ProcessInitializeOnLoadAttributes (110ms)
			ProcessInitializeOnLoadMethodAttributes (57ms)
			AfterProcessingInitializeOnLoad (0ms)
			EditorAssembliesLoaded (0ms)
		ExecutionOrderSort2 (0ms)
		AwakeInstancesAfterBackupRestoration (0ms)
========================================================================
Worker process is ready to serve import requests
Begin MonoManager ReloadAssembly
TypeRef ResolutionScope not yet handled (229) for .IMergeView in image C:\Users\Jaden\Documents\MyUnityProjects\FPS_SharedMode\Library\ScriptAssemblies\Unity.PlasticSCM.Editor.dll
Unloading broken assembly Library/ScriptAssemblies/Unity.PlasticSCM.Editor.dll, this assembly can cause crashes in the runtime
- Loaded All Assemblies, in  0.819 seconds
Refreshing native plugins compatible for Editor in 13.35 ms, found 4 plugins.
Could not load signature of Unity.PlasticSCM.Editor.Gluon.UpdateReport.UpdateReportDialog:ShowUpdateReport due to: Could not resolve type with token 0100006f from typeref (expected class 'Codice.Client.BaseCommands.ErrorMessage' in assembly 'unityplastic, Version=11.0.16.8204, Culture=neutral, PublicKeyToken=a107c9c6e34c8876') assembly:unityplastic, Version=11.0.16.8204, Culture=neutral, PublicKeyToken=a107c9c6e34c8876 type:Codice.Client.BaseCommands.ErrorMessage member:(null)
Could not load signature of Unity.PlasticSCM.Editor.Gluon.UpdateReport.UpdateReportDialog:UpdateUpdateReportList due to: Could not resolve type with token 0100006f from typeref (expected class 'Codice.Client.BaseCommands.ErrorMessage' in assembly 'unityplastic, Version=11.0.16.8204, Culture=neutral, PublicKeyToken=a107c9c6e34c8876') assembly:unityplastic, Version=11.0.16.8204, Culture=neutral, PublicKeyToken=a107c9c6e34c8876 type:Codice.Client.BaseCommands.ErrorMessage member:(null)
Could not load signature of Unity.PlasticSCM.Editor.Gluon.UpdateReport.UpdateReportDialog:GetErrorDetailsText due to: Could not resolve type with token 0100006f from typeref (expected class 'Codice.Client.BaseCommands.ErrorMessage' in assembly 'unityplastic, Version=11.0.16.8204, Culture=neutral, PublicKeyToken=a107c9c6e34c8876') assembly:unityplastic, Version=11.0.16.8204, Culture=neutral, PublicKeyToken=a107c9c6e34c8876 type:Codice.Client.BaseCommands.ErrorMessage member:(null)
Could not load signature of Unity.PlasticSCM.Editor.Gluon.UpdateReport.UpdateReportDialog:DoErrorDetailsTextArea due to: Could not resolve type with token 0100006f from typeref (expected class 'Codice.Client.BaseCommands.ErrorMessage' in assembly 'unityplastic, Version=11.0.16.8204, Culture=neutral, PublicKeyToken=a107c9c6e34c8876') assembly:unityplastic, Version=11.0.16.8204, Culture=neutral, PublicKeyToken=a107c9c6e34c8876 type:Codice.Client.BaseCommands.ErrorMessage member:(null)
Could not load signature of Unity.PlasticSCM.Editor.Gluon.UpdateReport.UpdateReportDialog:Create due to: Could not resolve type with token 0100006f from typeref (expected class 'Codice.Client.BaseCommands.ErrorMessage' in assembly 'unityplastic, Version=11.0.16.8204, Culture=neutral, PublicKeyToken=a107c9c6e34c8876') assembly:unityplastic, Version=11.0.16.8204, Culture=neutral, PublicKeyToken=a107c9c6e34c8876 type:Codice.Client.BaseCommands.ErrorMessage member:(null)
Native extension for WindowsStandalone target not found
Native extension for iOS target not found
Native extension for Android target not found
Package Manager log level set to [2]
[Package Manager] Server::EnsureServerProcessIsRunning -- launch failed, reason: Unity was launched with the -noUpm command-line argument
[Package Manager] UpmClient::Send -- Unable to send message (not connected to UPM process).
[Package Manager] Cannot connect to Unity Package Manager local server
Mono: successfully reloaded assembly
- Finished resetting the current domain, in  1.003 seconds
Domain Reload Profiling: 1818ms
	BeginReloadAssembly (173ms)
		ExecutionOrderSort (0ms)
		DisableScriptedObjects (6ms)
		BackupInstance (0ms)
		ReleaseScriptingObjects (0ms)
		CreateAndSetChildDomain (25ms)
	RebuildCommonClasses (36ms)
	RebuildNativeTypeToScriptingClass (11ms)
	initialDomainReloadingComplete (51ms)
	LoadAllAssembliesAndSetupDomain (543ms)
		LoadAssemblies (431ms)
		RebuildTransferFunctionScriptingTraits (0ms)
		AnalyzeDomain (214ms)
			TypeCache.Refresh (194ms)
				TypeCache.ScanAssembly (174ms)
			ScanForSourceGeneratedMonoScriptInfo (15ms)
			ResolveRequiredComponents (4ms)
	FinalizeReload (1004ms)
		ReleaseScriptCaches (0ms)
		RebuildScriptCaches (0ms)
		SetupLoadedEditorAssemblies (815ms)
			LogAssemblyErrors (0ms)
			InitializePlatformSupportModulesInManaged (44ms)
			SetLoadedEditorAssemblies (4ms)
			RefreshPlugins (0ms)
			BeforeProcessingInitializeOnLoad (105ms)
			ProcessInitializeOnLoadAttributes (622ms)
			ProcessInitializeOnLoadMethodAttributes (26ms)
			AfterProcessingInitializeOnLoad (13ms)
			EditorAssembliesLoaded (0ms)
		ExecutionOrderSort2 (0ms)
		AwakeInstancesAfterBackupRestoration (18ms)
Launched and connected shader compiler UnityShaderCompiler.exe after 0.20 seconds
Refreshing native plugins compatible for Editor in 21.91 ms, found 4 plugins.
Preloading 0 native plugins for Editor in 0.00 ms.
Unloading 3168 Unused Serialized files (Serialized files now loaded: 0)
Unloading 56 unused Assets / (70.7 KB). Loaded Objects now: 3606.
Memory consumption went from 130.3 MB to 130.2 MB.
Total: 12.112900 ms (FindLiveObjects: 0.780200 ms CreateObjectMapping: 4.040700 ms MarkObjects: 7.115100 ms  DeleteObjects: 0.174300 ms)

AssetImportParameters requested are different than current active one (requested -> active):
  custom:container-demuxer-ogg: 62fdf1f143b41e24485cea50d1cbac27 -> 
  custom:scripting/precompiled-assembly-types:Unity.PlasticSCM.Editor: 1c77bc3ed7c23cd3fb3a824d20eccc39 -> 
  custom:video-decoder-ogg-theora: a1e56fd34408186e4bbccfd4996cb3dc -> 
  custom:framework-win-MediaFoundation: 216162199b28c13a410421893ffa2e32 -> 
  custom:CustomObjectIndexerAttribute: 6d391050e5a25f67b0a2c618074f2cd9 -> 
  custom:container-demuxer-webm: 4f35f7cbe854078d1ac9338744f61a02 -> 
  custom:container-muxer-webm: aa71ff27fc2769a1b78a27578f13a17b -> 
  custom:video-decoder-webm-vp8: 9c59270c3fd7afecdb556c50c9e8de78 -> 
  custom:SearchIndexIgnoredProperties: e643bd26f0fe6173181afceb89e7c659 -> 
  custom:AudioImporter_EditorPlatform: d09bf68614088b80899f8185d706f6e7 -> 
  custom:video-encoder-webm-vp8: eb34c28f22e8b96e1ab97ce403110664 -> 
  custom:audio-decoder-ogg-vorbis: bf7c407c2cedff20999df2af8eb42d56 -> 
  custom:audio-encoder-webm-vorbis: bf7c407c2cedff20999df2af8eb42d56 -> 
  custom:scripting/precompiled-assembly-types:unityplastic: 80ce6fce021ee75cb20edaadb7bf11e0 -> 1b07f3d0d2a7bfbf691bf3af903a2067
  custom:scripting/precompiled-assembly-types:websocket-sharp:  -> 14fbe16c400853e620dbee885c09856b
  custom:scripting/precompiled-assembly-types:Photon3Unity3D:  -> c6b5832f40bb2e6733b55db4d782a76d
  custom:scripting/precompiled-assembly-types:Fusion.Sockets:  -> 96b7f418eb9014204622bec6ff514d2c
  custom:scripting/precompiled-assembly-types:Fusion.Runtime:  -> ca8b3ba7c3dbc3a9eb54e90f216db940
  custom:scripting/precompiled-assembly-types:Fusion.Realtime:  -> 38b9b1aa13a3e6bed6a7f210785c6247
  custom:scripting/precompiled-assembly-types:Fusion.Common:  -> 8690b9158000af5b9f4668dc88a6cae3
  custom:scripting/precompiled-assembly-types:NanoSockets:  -> 5215c3b157b18801e4d4a67db049f6fb
  custom:scripting/precompiled-assembly-types:Fusion.Log:  -> 093f99d101b7ad04a386b90ea972ba9f
========================================================================
Received Import Request.
  Time since last request: 290353.677073 seconds.
  path: Assets/Photon
  artifactKey: Guid(c838b3ce045d33f449e8da2a6193871e) Importer(815301076,1909f56bfc062723c751e8b465ee728b)
Start importing Assets/Photon using Guid(c838b3ce045d33f449e8da2a6193871e) Importer(815301076,1909f56bfc062723c751e8b465ee728b)  -> (artifact id: '9bf4612f1d7e8b35190667a5886e2c01') in 0.003566 seconds
Number of updated asset objects reloaded before import = 0
Number of asset objects unloaded after import = 0
========================================================================
Received Import Request.
  Time since last request: 70.597065 seconds.
  path: Assets/Scenes/SampleScene.unity
  artifactKey: Guid(9fc0d4010bbf28b4594072e72b8655ab) Importer(2089858483,0ecaa5967403d082aa24f35e1b516d23)
Start importing Assets/Scenes/SampleScene.unity using Guid(9fc0d4010bbf28b4594072e72b8655ab) Importer(2089858483,0ecaa5967403d082aa24f35e1b516d23) Generated GUIDs only implemented for interfaces!
 -> (artifact id: 'c370dc89267aa3094a6ecd99d6e22eae') in 0.062029 seconds
Number of updated asset objects reloaded before import = 0
Number of asset objects unloaded after import = 1
========================================================================
Received Import Request.
  Time since last request: 0.127802 seconds.
  path: Assets/Photon/Fusion/PhotonFusion-Documentation.pdf
  artifactKey: Guid(6d6a707750cb535418ec5cdcce1f3264) Importer(2089858483,0ecaa5967403d082aa24f35e1b516d23)
Start importing Assets/Photon/Fusion/PhotonFusion-Documentation.pdf using Guid(6d6a707750cb535418ec5cdcce1f3264) Importer(2089858483,0ecaa5967403d082aa24f35e1b516d23) Generated GUIDs only implemented for interfaces!
 -> (artifact id: 'ceed1d1a4fadf312a961c96a5e6bf584') in 0.009444 seconds
Number of updated asset objects reloaded before import = 0
Number of asset objects unloaded after import = 1
========================================================================
Received Import Request.
  Time since last request: 0.186055 seconds.
  path: Assets/Photon/Fusion/Assemblies/Fusion.Common.dll.debug
  artifactKey: Guid(dfe46f6ff6fe58c47aa967992595b12e) Importer(2089858483,0ecaa5967403d082aa24f35e1b516d23)
Start importing Assets/Photon/Fusion/Assemblies/Fusion.Common.dll.debug using Guid(dfe46f6ff6fe58c47aa967992595b12e) Importer(2089858483,0ecaa5967403d082aa24f35e1b516d23) Generated GUIDs only implemented for interfaces!
 -> (artifact id: '3b1197cc7655f0fb847bf60adaea49db') in 0.010253 seconds
Number of updated asset objects reloaded before import = 0
Number of asset objects unloaded after import = 1
========================================================================
Received Import Request.
  Time since last request: 0.000016 seconds.
  path: Assets/Photon/FusionDemos/Photon-Fusion-Intro-Sample-2.0.4-Stable-884.unitypackage
  artifactKey: Guid(13b42dd2ab9c6534691a1076cd3f5e8c) Importer(2089858483,0ecaa5967403d082aa24f35e1b516d23)
Start importing Assets/Photon/FusionDemos/Photon-Fusion-Intro-Sample-2.0.4-Stable-884.unitypackage using Guid(13b42dd2ab9c6534691a1076cd3f5e8c) Importer(2089858483,0ecaa5967403d082aa24f35e1b516d23) Generated GUIDs only implemented for interfaces!
 -> (artifact id: '57d1a744525bf7b5d1bea046aaa3df17') in 0.012087 seconds
Number of updated asset objects reloaded before import = 0
Number of asset objects unloaded after import = 1
========================================================================
Received Import Request.
  Time since last request: 0.478865 seconds.
  path: Assets/Photon/Fusion/Assemblies/Fusion.Common.dll
  artifactKey: Guid(a4d1b22b416816f4a830209a6058fe35) Importer(2089858483,0ecaa5967403d082aa24f35e1b516d23)
Start importing Assets/Photon/Fusion/Assemblies/Fusion.Common.dll using Guid(a4d1b22b416816f4a830209a6058fe35) Importer(2089858483,0ecaa5967403d082aa24f35e1b516d23) Generated GUIDs only implemented for interfaces!
 -> (artifact id: 'c1441a74d1df08b6b4f7bda6c32d1ad9') in 0.036452 seconds
Number of updated asset objects reloaded before import = 0
Number of asset objects unloaded after import = 1
========================================================================
Received Import Request.
  Time since last request: 0.000018 seconds.
  path: Assets/Photon/PhotonLibs/netstandard2.0/Photon3Unity3D.xml
  artifactKey: Guid(7015e500cd5b71244af56448dfb59804) Importer(2089858483,0ecaa5967403d082aa24f35e1b516d23)
Start importing Assets/Photon/PhotonLibs/netstandard2.0/Photon3Unity3D.xml using Guid(7015e500cd5b71244af56448dfb59804) Importer(2089858483,0ecaa5967403d082aa24f35e1b516d23) Generated GUIDs only implemented for interfaces!
 -> (artifact id: '4ceeb65fe74108111686f0823493bd86') in 0.012239 seconds
Number of updated asset objects reloaded before import = 0
Number of asset objects unloaded after import = 1
========================================================================
Received Import Request.
  Time since last request: 0.000013 seconds.
  path: Assets/Photon/Fusion/Editor/Fusion.Unity.Editor.cs
  artifactKey: Guid(91a915d06029929418c86dcc2003f785) Importer(2089858483,0ecaa5967403d082aa24f35e1b516d23)
Start importing Assets/Photon/Fusion/Editor/Fusion.Unity.Editor.cs using Guid(91a915d06029929418c86dcc2003f785) Importer(2089858483,0ecaa5967403d082aa24f35e1b516d23) Generated GUIDs only implemented for interfaces!
 -> (artifact id: '4e65fea13d19b3de6b470e07d5fce058') in 0.016944 seconds
Number of updated asset objects reloaded before import = 0
Number of asset objects unloaded after import = 1
========================================================================
Received Import Request.
  Time since last request: 0.000016 seconds.
  path: Assets/Photon/Fusion/CodeGen/Fusion.CodeGen.cs
  artifactKey: Guid(800c2efef414be248b2a8c6cf25bf27f) Importer(2089858483,0ecaa5967403d082aa24f35e1b516d23)
Start importing Assets/Photon/Fusion/CodeGen/Fusion.CodeGen.cs using Guid(800c2efef414be248b2a8c6cf25bf27f) Importer(2089858483,0ecaa5967403d082aa24f35e1b516d23) Generated GUIDs only implemented for interfaces!
 -> (artifact id: 'a999b48a56d079a2249a416b40a280fa') in 0.013674 seconds
Number of updated asset objects reloaded before import = 0
Number of asset objects unloaded after import = 1
========================================================================
Received Import Request.
  Time since last request: 0.000013 seconds.
  path: Assets/Photon/Fusion/Assemblies/Fusion.Log.dll.debug
  artifactKey: Guid(1481dbb0ea2198a4da48a4449c0742c4) Importer(2089858483,0ecaa5967403d082aa24f35e1b516d23)
Start importing Assets/Photon/Fusion/Assemblies/Fusion.Log.dll.debug using Guid(1481dbb0ea2198a4da48a4449c0742c4) Importer(2089858483,0ecaa5967403d082aa24f35e1b516d23) Generated GUIDs only implemented for interfaces!
 -> (artifact id: 'ae2635d89f52d8f8c334629a1eb08c16') in 0.014559 seconds
Number of updated asset objects reloaded before import = 0
Number of asset objects unloaded after import = 1
========================================================================
Received Import Request.
  Time since last request: 0.000396 seconds.
  path: Assets/Photon/Fusion/Editor/FusionEditorConfigImporter.cs
  artifactKey: Guid(de703c9ba568c804997917200422ce7e) Importer(2089858483,0ecaa5967403d082aa24f35e1b516d23)
Start importing Assets/Photon/Fusion/Editor/FusionEditorConfigImporter.cs using Guid(de703c9ba568c804997917200422ce7e) Importer(2089858483,0ecaa5967403d082aa24f35e1b516d23) Generated GUIDs only implemented for interfaces!
 -> (artifact id: '2775b702840776b792eacaee6eef5767') in 0.012349 seconds
Number of updated asset objects reloaded before import = 0
Number of asset objects unloaded after import = 1
========================================================================
Received Import Request.
  Time since last request: 0.000016 seconds.
  path: Assets/Photon/Fusion/Runtime/Statistics/FusionNetworkObjectStatsGraphCombine.cs
  artifactKey: Guid(19334f7ed30f4e8ea9f48a51534f09dd) Importer(2089858483,0ecaa5967403d082aa24f35e1b516d23)
Start importing Assets/Photon/Fusion/Runtime/Statistics/FusionNetworkObjectStatsGraphCombine.cs using Guid(19334f7ed30f4e8ea9f48a51534f09dd) Importer(2089858483,0ecaa5967403d082aa24f35e1b516d23) Generated GUIDs only implemented for interfaces!
 -> (artifact id: '6eae5f2fbc6d834cf3292cf6bd860676') in 0.015182 seconds
Number of updated asset objects reloaded before import = 0
Number of asset objects unloaded after import = 1
========================================================================
Received Import Request.
  Time since last request: 0.000025 seconds.
  path: Assets/Photon/Fusion/Assemblies/Fusion.Realtime.dll
  artifactKey: Guid(7de3b8b9e1263ad479e2d0c4261b7646) Importer(2089858483,0ecaa5967403d082aa24f35e1b516d23)
Start importing Assets/Photon/Fusion/Assemblies/Fusion.Realtime.dll using Guid(7de3b8b9e1263ad479e2d0c4261b7646) Importer(2089858483,0ecaa5967403d082aa24f35e1b516d23) Generated GUIDs only implemented for interfaces!
 -> (artifact id: 'c4972a4a3f1560564a5ace909a3ce0fb') in 0.017524 seconds
Number of updated asset objects reloaded before import = 0
Number of asset objects unloaded after import = 1
========================================================================
Received Import Request.
  Time since last request: 0.000018 seconds.
  path: Assets/Photon/Fusion/Editor/EditorResources/Fusion-script-header.png
  artifactKey: Guid(2f112e6067c75b34f8c6233878db13b4) Importer(2089858483,0ecaa5967403d082aa24f35e1b516d23)
Start importing Assets/Photon/Fusion/Editor/EditorResources/Fusion-script-header.png using Guid(2f112e6067c75b34f8c6233878db13b4) Importer(2089858483,0ecaa5967403d082aa24f35e1b516d23) Generated GUIDs only implemented for interfaces!
 -> (artifact id: '3a601d2d6667dbbd88c0291eac7e2111') in 0.090042 seconds
Number of updated asset objects reloaded before import = 0
Number of asset objects unloaded after import = 3
========================================================================
Received Import Request.
  Time since last request: 0.000016 seconds.
  path: Assets/Photon/Fusion/Runtime/FusionBootstrapDebugGUIStartButtonDown.png
  artifactKey: Guid(c90b937da87ec4183bab56bc75798697) Importer(2089858483,0ecaa5967403d082aa24f35e1b516d23)
Start importing Assets/Photon/Fusion/Runtime/FusionBootstrapDebugGUIStartButtonDown.png using Guid(c90b937da87ec4183bab56bc75798697) Importer(2089858483,0ecaa5967403d082aa24f35e1b516d23) Generated GUIDs only implemented for interfaces!
 -> (artifact id: '9188fddcb6be5fc94cc3b729bcbdcdf5') in 0.039261 seconds
Number of updated asset objects reloaded before import = 0
Number of asset objects unloaded after import = 1
========================================================================
Received Import Request.
  Time since last request: 0.000013 seconds.
  path: Assets/Photon/Fusion/Runtime/NetworkObjectProviderDefault.cs
  artifactKey: Guid(10533623ed629624c8acc6869f609bf2) Importer(2089858483,0ecaa5967403d082aa24f35e1b516d23)
Start importing Assets/Photon/Fusion/Runtime/NetworkObjectProviderDefault.cs using Guid(10533623ed629624c8acc6869f609bf2) Importer(2089858483,0ecaa5967403d082aa24f35e1b516d23) Generated GUIDs only implemented for interfaces!
 -> (artifact id: '988d297753039edd8cadc9d6d51c7e34') in 0.012299 seconds
Number of updated asset objects reloaded before import = 0
Number of asset objects unloaded after import = 1
========================================================================
Received Import Request.
  Time since last request: 0.000018 seconds.
  path: Assets/Photon/Fusion/Runtime/FusionBootstrapDebugGUIStartButtonOver.png
  artifactKey: Guid(0bf88ab770bd548f2a1c9eecd1c8be06) Importer(2089858483,0ecaa5967403d082aa24f35e1b516d23)
Start importing Assets/Photon/Fusion/Runtime/FusionBootstrapDebugGUIStartButtonOver.png using Guid(0bf88ab770bd548f2a1c9eecd1c8be06) Importer(2089858483,0ecaa5967403d082aa24f35e1b516d23) Generated GUIDs only implemented for interfaces!
 -> (artifact id: '65743c5977a72885c5650bf55a677ac0') in 0.037609 seconds
Number of updated asset objects reloaded before import = 0
Number of asset objects unloaded after import = 1
========================================================================
Received Import Request.
  Time since last request: 0.000013 seconds.
  path: Assets/Photon/Fusion/Editor/EditorResources/Fusion-inline-box.png
  artifactKey: Guid(3f929bc2e87f64441ba0a9c7a42516ca) Importer(2089858483,0ecaa5967403d082aa24f35e1b516d23)
Start importing Assets/Photon/Fusion/Editor/EditorResources/Fusion-inline-box.png using Guid(3f929bc2e87f64441ba0a9c7a42516ca) Importer(2089858483,0ecaa5967403d082aa24f35e1b516d23) Generated GUIDs only implemented for interfaces!
 -> (artifact id: '94f53abc4a5799d44ec958fb2fb887e2') in 0.040803 seconds
Number of updated asset objects reloaded before import = 0
Number of asset objects unloaded after import = 3
========================================================================
Received Import Request.
  Time since last request: 0.000014 seconds.
  path: Assets/Photon/Fusion/Editor/FusionWeaverTriggerImporter.cs
  artifactKey: Guid(ad51894a651725c42acc54ccd6a81282) Importer(2089858483,0ecaa5967403d082aa24f35e1b516d23)
Start importing Assets/Photon/Fusion/Editor/FusionWeaverTriggerImporter.cs using Guid(ad51894a651725c42acc54ccd6a81282) Importer(2089858483,0ecaa5967403d082aa24f35e1b516d23) Generated GUIDs only implemented for interfaces!
 -> (artifact id: '5e5a4136b4534f76c75e682bd3ef7a15') in 0.014950 seconds
Number of updated asset objects reloaded before import = 0
Number of asset objects unloaded after import = 1
========================================================================
Received Import Request.
  Time since last request: 0.000019 seconds.
  path: Assets/Photon/Fusion/Assemblies/Fusion.Runtime.dll
  artifactKey: Guid(e725a070cec140c4caffb81624c8c787) Importer(2089858483,0ecaa5967403d082aa24f35e1b516d23)
Start importing Assets/Photon/Fusion/Assemblies/Fusion.Runtime.dll using Guid(e725a070cec140c4caffb81624c8c787) Importer(2089858483,0ecaa5967403d082aa24f35e1b516d23) Generated GUIDs only implemented for interfaces!
 -> (artifact id: 'ce830f63091d5e20fec35e47cf03c873') in 0.015902 seconds
Number of updated asset objects reloaded before import = 0
Number of asset objects unloaded after import = 1
========================================================================
Received Import Request.
  Time since last request: 0.000018 seconds.
  path: Assets/Photon/Fusion/Assemblies/Fusion.Log.dll
  artifactKey: Guid(641f841cbef022e4f90b206df4a1f40c) Importer(2089858483,0ecaa5967403d082aa24f35e1b516d23)
Start importing Assets/Photon/Fusion/Assemblies/Fusion.Log.dll using Guid(641f841cbef022e4f90b206df4a1f40c) Importer(2089858483,0ecaa5967403d082aa24f35e1b516d23) Generated GUIDs only implemented for interfaces!
 -> (artifact id: '46bef93ca672296d478a5a1a01151079') in 0.014546 seconds
Number of updated asset objects reloaded before import = 0
Number of asset objects unloaded after import = 1
========================================================================
Received Import Request.
  Time since last request: 0.000017 seconds.
  path: Assets/Photon/Fusion/Editor/EditorResources/Fonts/Oswald-Header.ttf
  artifactKey: Guid(d9d6a85f7c05f99439d73c334199cb58) Importer(2089858483,0ecaa5967403d082aa24f35e1b516d23)
Start importing Assets/Photon/Fusion/Editor/EditorResources/Fonts/Oswald-Header.ttf using Guid(d9d6a85f7c05f99439d73c334199cb58) Importer(2089858483,0ecaa5967403d082aa24f35e1b516d23) Generated GUIDs only implemented for interfaces!
 -> (artifact id: 'd8c2a5e954da8d621bad9b92e4a980e9') in 0.028020 seconds
Number of updated asset objects reloaded before import = 0
Number of asset objects unloaded after import = 3
========================================================================
Received Import Request.
  Time since last request: 0.000013 seconds.
  path: Assets/Photon/Fusion/Runtime/RuntimeAssets/JetBrainsMono OFL.txt
  artifactKey: Guid(01cd9d77222d74c74a540c1ec3a85c7a) Importer(2089858483,0ecaa5967403d082aa24f35e1b516d23)
Start importing Assets/Photon/Fusion/Runtime/RuntimeAssets/JetBrainsMono OFL.txt using Guid(01cd9d77222d74c74a540c1ec3a85c7a) Importer(2089858483,0ecaa5967403d082aa24f35e1b516d23) Generated GUIDs only implemented for interfaces!
 -> (artifact id: '65933f64f4a7234606d754ed0ff24059') in 0.009725 seconds
Number of updated asset objects reloaded before import = 0
Number of asset objects unloaded after import = 1
========================================================================
Received Import Request.
  Time since last request: 0.000014 seconds.
  path: Assets/Photon/Fusion/Runtime/FusionAddressablePrefabsPreloader.cs
  artifactKey: Guid(ccb29b1c478478c418765bc307a473ca) Importer(2089858483,0ecaa5967403d082aa24f35e1b516d23)
Start importing Assets/Photon/Fusion/Runtime/FusionAddressablePrefabsPreloader.cs using Guid(ccb29b1c478478c418765bc307a473ca) Importer(2089858483,0ecaa5967403d082aa24f35e1b516d23) Generated GUIDs only implemented for interfaces!
 -> (artifact id: '1950fd2ab315bc3e5aecee7e833ad708') in 0.013121 seconds
Number of updated asset objects reloaded before import = 0
Number of asset objects unloaded after import = 1
========================================================================
Received Import Request.
  Time since last request: 0.000014 seconds.
  path: Assets/Photon/Fusion/Runtime/Statistics/FusionStatsWorldAnchor.cs
  artifactKey: Guid(b922ea457e8e4de6bfea00a8cc1eca80) Importer(2089858483,0ecaa5967403d082aa24f35e1b516d23)
Start importing Assets/Photon/Fusion/Runtime/Statistics/FusionStatsWorldAnchor.cs using Guid(b922ea457e8e4de6bfea00a8cc1eca80) Importer(2089858483,0ecaa5967403d082aa24f35e1b516d23) Generated GUIDs only implemented for interfaces!
 -> (artifact id: 'c9158cbc38167b26fa3eacb293e040fd') in 0.012996 seconds
Number of updated asset objects reloaded before import = 0
Number of asset objects unloaded after import = 1
========================================================================
Received Import Request.
  Time since last request: 0.000013 seconds.
  path: Assets/Photon/PhotonLibs/WebSocket/WebSocket.jslib
  artifactKey: Guid(04bb5f307f2e48b4fbaa6da865fd4091) Importer(2089858483,0ecaa5967403d082aa24f35e1b516d23)
Start importing Assets/Photon/PhotonLibs/WebSocket/WebSocket.jslib using Guid(04bb5f307f2e48b4fbaa6da865fd4091) Importer(2089858483,0ecaa5967403d082aa24f35e1b516d23) Generated GUIDs only implemented for interfaces!
 -> (artifact id: 'c7346c7d40d53c968f62296cb0f3c2c4') in 0.011143 seconds
Number of updated asset objects reloaded before import = 0
Number of asset objects unloaded after import = 1
========================================================================
Received Import Request.
  Time since last request: 0.000013 seconds.
  path: Assets/Photon/Fusion/Editor/EditorResources/Fusion-logo.png
  artifactKey: Guid(58f8d5c3c5df6ee419821a5c345ebed1) Importer(2089858483,0ecaa5967403d082aa24f35e1b516d23)
Start importing Assets/Photon/Fusion/Editor/EditorResources/Fusion-logo.png using Guid(58f8d5c3c5df6ee419821a5c345ebed1) Importer(2089858483,0ecaa5967403d082aa24f35e1b516d23) Generated GUIDs only implemented for interfaces!
 -> (artifact id: 'd713cd84bdf078fc50d217258c6f3661') in 0.036022 seconds
Number of updated asset objects reloaded before import = 0
Number of asset objects unloaded after import = 3
========================================================================
Received Import Request.
  Time since last request: 0.000011 seconds.
  path: Assets/Photon/PhotonLibs/WebSocket/websocket-sharp.README
  artifactKey: Guid(3e262c2b04eaa8440987b50a91e86674) Importer(2089858483,0ecaa5967403d082aa24f35e1b516d23)
Start importing Assets/Photon/PhotonLibs/WebSocket/websocket-sharp.README using Guid(3e262c2b04eaa8440987b50a91e86674) Importer(2089858483,0ecaa5967403d082aa24f35e1b516d23) Generated GUIDs only implemented for interfaces!
 -> (artifact id: 'cbfbe048ae42ad606b2efd0a57a042b2') in 0.012364 seconds
Number of updated asset objects reloaded before import = 0
Number of asset objects unloaded after import = 1
========================================================================
Received Import Request.
  Time since last request: 0.000011 seconds.
  path: Assets/Photon/Fusion/Runtime/Statistics/FusionStatsGraphMaterial.mat
  artifactKey: Guid(20f9b98d6ad29584c912ad547627b2cf) Importer(2089858483,0ecaa5967403d082aa24f35e1b516d23)
Start importing Assets/Photon/Fusion/Runtime/Statistics/FusionStatsGraphMaterial.mat using Guid(20f9b98d6ad29584c912ad547627b2cf) Importer(2089858483,0ecaa5967403d082aa24f35e1b516d23) Generated GUIDs only implemented for interfaces!
 -> (artifact id: '60eff6c8766967efd96cdbbed1acb906') in 0.017131 seconds
Number of updated asset objects reloaded before import = 0
Number of asset objects unloaded after import = 1
========================================================================
Received Import Request.
  Time since last request: 0.000013 seconds.
  path: Assets/Photon/Fusion/Editor/EditorResources/Fusion-inline-box-no-vertical-borders.png
  artifactKey: Guid(6f21527b75fde934381920063e9666ce) Importer(2089858483,0ecaa5967403d082aa24f35e1b516d23)
Start importing Assets/Photon/Fusion/Editor/EditorResources/Fusion-inline-box-no-vertical-borders.png using Guid(6f21527b75fde934381920063e9666ce) Importer(2089858483,0ecaa5967403d082aa24f35e1b516d23) Generated GUIDs only implemented for interfaces!
 -> (artifact id: '033cfb64521daba60d79f0cae1882ca2') in 0.037274 seconds
Number of updated asset objects reloaded before import = 0
Number of asset objects unloaded after import = 3
========================================================================
Received Import Request.
  Time since last request: 0.000012 seconds.
  path: Assets/Photon/Fusion/Editor/EditorResources/Fonts/OFL.txt
  artifactKey: Guid(db2794fb134f41649947dbdbcac93dee) Importer(2089858483,0ecaa5967403d082aa24f35e1b516d23)
Start importing Assets/Photon/Fusion/Editor/EditorResources/Fonts/OFL.txt using Guid(db2794fb134f41649947dbdbcac93dee) Importer(2089858483,0ecaa5967403d082aa24f35e1b516d23) Generated GUIDs only implemented for interfaces!
 -> (artifact id: '7e839709e77d3b30799277aed9e02d32') in 0.012338 seconds
Number of updated asset objects reloaded before import = 0
Number of asset objects unloaded after import = 1
========================================================================
Received Import Request.
  Time since last request: 0.000014 seconds.
  path: Assets/Photon/Fusion/Runtime/Utilities/RunnerVisibility/RunnerLagCompensationGizmos.cs
  artifactKey: Guid(7551cd937fd7ae84eb38a9dbbcd67c6f) Importer(2089858483,0ecaa5967403d082aa24f35e1b516d23)
Start importing Assets/Photon/Fusion/Runtime/Utilities/RunnerVisibility/RunnerLagCompensationGizmos.cs using Guid(7551cd937fd7ae84eb38a9dbbcd67c6f) Importer(2089858483,0ecaa5967403d082aa24f35e1b516d23) Generated GUIDs only implemented for interfaces!
 -> (artifact id: '5cef2e5ec13e4b793fc18c5159ec4a70') in 0.016016 seconds
Number of updated asset objects reloaded before import = 0
Number of asset objects unloaded after import = 1
========================================================================
Received Import Request.
  Time since last request: 0.000041 seconds.
  path: Assets/Photon/Fusion/Plugins/NanoSockets/NanoSockets/Static/NanoSockets.dll
  artifactKey: Guid(d42594000bed8de429fd22c181be00ab) Importer(2089858483,0ecaa5967403d082aa24f35e1b516d23)
Start importing Assets/Photon/Fusion/Plugins/NanoSockets/NanoSockets/Static/NanoSockets.dll using Guid(d42594000bed8de429fd22c181be00ab) Importer(2089858483,0ecaa5967403d082aa24f35e1b516d23) Generated GUIDs only implemented for interfaces!
 -> (artifact id: '852d0705032c2bb36ce07ba1b14b0953') in 0.025023 seconds
Number of updated asset objects reloaded before import = 0
Number of asset objects unloaded after import = 1
========================================================================
Received Import Request.
  Time since last request: 0.000014 seconds.
  path: Assets/Photon/Fusion/Runtime/Statistics/Prefabs/FusionStatsSimpleButton.prefab
  artifactKey: Guid(8e3a30446d6463e48adea83d18ce9654) Importer(2089858483,0ecaa5967403d082aa24f35e1b516d23)
Start importing Assets/Photon/Fusion/Runtime/Statistics/Prefabs/FusionStatsSimpleButton.prefab using Guid(8e3a30446d6463e48adea83d18ce9654) Importer(2089858483,0ecaa5967403d082aa24f35e1b516d23) Generated GUIDs only implemented for interfaces!
 -> (artifact id: '9eb45b343afaa7de11a1a47991d8b24b') in 0.053755 seconds
Number of updated asset objects reloaded before import = 0
Number of asset objects unloaded after import = 11
========================================================================
Received Import Request.
  Time since last request: 0.000013 seconds.
  path: Assets/Photon/Fusion/Editor/EditorResources/FusionHub/Fusion-hub-skin-button-active.png
  artifactKey: Guid(d0575c14294b39f4aa7849bf1172ec95) Importer(2089858483,0ecaa5967403d082aa24f35e1b516d23)
Start importing Assets/Photon/Fusion/Editor/EditorResources/FusionHub/Fusion-hub-skin-button-active.png using Guid(d0575c14294b39f4aa7849bf1172ec95) Importer(2089858483,0ecaa5967403d082aa24f35e1b516d23) Generated GUIDs only implemented for interfaces!
 -> (artifact id: 'fa2474a10b575f9cc5cc511cef6c1a92') in 0.037805 seconds
Number of updated asset objects reloaded before import = 0
Number of asset objects unloaded after import = 1
========================================================================
Received Import Request.
  Time since last request: 0.000015 seconds.
  path: Assets/Photon/Fusion/Plugins/NanoSockets/Metro/x86/libnanosockets.dll
  artifactKey: Guid(e92559e0ecf9c5e4dacfc22deb3e27a8) Importer(2089858483,0ecaa5967403d082aa24f35e1b516d23)
Start importing Assets/Photon/Fusion/Plugins/NanoSockets/Metro/x86/libnanosockets.dll using Guid(e92559e0ecf9c5e4dacfc22deb3e27a8) Importer(2089858483,0ecaa5967403d082aa24f35e1b516d23) Generated GUIDs only implemented for interfaces!
 -> (artifact id: '4111c134e55624ec266886b65d8d54bb') in 0.012930 seconds
Number of updated asset objects reloaded before import = 0
Number of asset objects unloaded after import = 1
========================================================================
Received Import Request.
  Time since last request: 0.000015 seconds.
  path: Assets/Photon/Fusion/Plugins/NanoSockets/visionOS/libnanosockets.a
  artifactKey: Guid(9cc4f9853c7fe41db81ba1322ee726af) Importer(2089858483,0ecaa5967403d082aa24f35e1b516d23)
Start importing Assets/Photon/Fusion/Plugins/NanoSockets/visionOS/libnanosockets.a using Guid(9cc4f9853c7fe41db81ba1322ee726af) Importer(2089858483,0ecaa5967403d082aa24f35e1b516d23) Generated GUIDs only implemented for interfaces!
 -> (artifact id: 'd8345826e68bd4e0a1b4598b4a1dea8e') in 0.015711 seconds
Number of updated asset objects reloaded before import = 0
Number of asset objects unloaded after import = 1
========================================================================
Received Import Request.
  Time since last request: 0.000014 seconds.
  path: Assets/Photon/Fusion/Editor/EditorResources/FusionHub/Fusion-hub-skin-sand.png
  artifactKey: Guid(808bf90f5f24df3419fc47e88bc82168) Importer(2089858483,0ecaa5967403d082aa24f35e1b516d23)
Start importing Assets/Photon/Fusion/Editor/EditorResources/FusionHub/Fusion-hub-skin-sand.png using Guid(808bf90f5f24df3419fc47e88bc82168) Importer(2089858483,0ecaa5967403d082aa24f35e1b516d23) Generated GUIDs only implemented for interfaces!
 -> (artifact id: '799622253944681b1cba96267d266b5b') in 0.034586 seconds
Number of updated asset objects reloaded before import = 0
Number of asset objects unloaded after import = 1
========================================================================
Received Import Request.
  Time since last request: 0.000012 seconds.
  path: Assets/Photon/Fusion/Runtime/Statistics/StatsIcons/FusionStatsResetIcon.png
  artifactKey: Guid(d3f33adb909e26443914391fba875e4c) Importer(2089858483,0ecaa5967403d082aa24f35e1b516d23)
Start importing Assets/Photon/Fusion/Runtime/Statistics/StatsIcons/FusionStatsResetIcon.png using Guid(d3f33adb909e26443914391fba875e4c) Importer(2089858483,0ecaa5967403d082aa24f35e1b516d23) Generated GUIDs only implemented for interfaces!
 -> (artifact id: '081732a2f8eec0a6877769a0f576191f') in 0.039154 seconds
Number of updated asset objects reloaded before import = 0
Number of asset objects unloaded after import = 3
========================================================================
Received Import Request.
  Time since last request: 0.000014 seconds.
  path: Assets/Photon/Fusion/Plugins/NanoSockets/Android/x86_64/libnanosockets.so
  artifactKey: Guid(4017079a9c0c04b488db2e8be8555bd9) Importer(2089858483,0ecaa5967403d082aa24f35e1b516d23)
Start importing Assets/Photon/Fusion/Plugins/NanoSockets/Android/x86_64/libnanosockets.so using Guid(4017079a9c0c04b488db2e8be8555bd9) Importer(2089858483,0ecaa5967403d082aa24f35e1b516d23) Generated GUIDs only implemented for interfaces!
 -> (artifact id: 'eac54fbcd772b78aefab080001f31ce9') in 0.016845 seconds
Number of updated asset objects reloaded before import = 0
Number of asset objects unloaded after import = 1
========================================================================
Received Import Request.
  Time since last request: 0.000021 seconds.
  path: Assets/Photon/Fusion/Plugins/NanoSockets/Android/armeabi-v7a/libnanosockets.so
  artifactKey: Guid(34d5b82ebfd43f840915715f4a3a133d) Importer(2089858483,0ecaa5967403d082aa24f35e1b516d23)
Start importing Assets/Photon/Fusion/Plugins/NanoSockets/Android/armeabi-v7a/libnanosockets.so using Guid(34d5b82ebfd43f840915715f4a3a133d) Importer(2089858483,0ecaa5967403d082aa24f35e1b516d23) Generated GUIDs only implemented for interfaces!
 -> (artifact id: '8d53a16e8c3a4eabbb6cfb3057b85f6d') in 0.014060 seconds
Number of updated asset objects reloaded before import = 0
Number of asset objects unloaded after import = 1
========================================================================
Received Import Request.
  Time since last request: 0.000014 seconds.
  path: Assets/Photon/Fusion/Runtime/Utilities/RunnerVisibility/EnableOnSingleRunner.cs
  artifactKey: Guid(d73b0a95be81246699cf0d9ecdc01863) Importer(2089858483,0ecaa5967403d082aa24f35e1b516d23)
Start importing Assets/Photon/Fusion/Runtime/Utilities/RunnerVisibility/EnableOnSingleRunner.cs using Guid(d73b0a95be81246699cf0d9ecdc01863) Importer(2089858483,0ecaa5967403d082aa24f35e1b516d23) Generated GUIDs only implemented for interfaces!
 -> (artifact id: '9ebcac76833e272e2c74affd116f2256') in 0.013553 seconds
Number of updated asset objects reloaded before import = 0
Number of asset objects unloaded after import = 1
========================================================================
Received Import Request.
  Time since last request: 0.000037 seconds.
  path: Assets/Photon/Fusion/Plugins/NanoSockets/Linux/libnanosockets.so
  artifactKey: Guid(1353bd98fd16b304f82bc4cb8ff7d03f) Importer(2089858483,0ecaa5967403d082aa24f35e1b516d23)
Start importing Assets/Photon/Fusion/Plugins/NanoSockets/Linux/libnanosockets.so using Guid(1353bd98fd16b304f82bc4cb8ff7d03f) Importer(2089858483,0ecaa5967403d082aa24f35e1b516d23) Generated GUIDs only implemented for interfaces!
 -> (artifact id: 'ebd1582bb5fcb0d2fc2e6886847c5d86') in 0.014358 seconds
Number of updated asset objects reloaded before import = 0
Number of asset objects unloaded after import = 1
========================================================================
Received Import Request.
  Time since last request: 0.000014 seconds.
  path: Assets/Photon/Fusion/Runtime/Statistics/StatsIcons/FusionStatsCancelIcon.png
  artifactKey: Guid(5853bc00e6bfda84ea9030e0486a1c44) Importer(2089858483,0ecaa5967403d082aa24f35e1b516d23)
Start importing Assets/Photon/Fusion/Runtime/Statistics/StatsIcons/FusionStatsCancelIcon.png using Guid(5853bc00e6bfda84ea9030e0486a1c44) Importer(2089858483,0ecaa5967403d082aa24f35e1b516d23) Generated GUIDs only implemented for interfaces!
 -> (artifact id: '05ba282c788b380b5715d9ce8b848a5a') in 0.041726 seconds
Number of updated asset objects reloaded before import = 0
Number of asset objects unloaded after import = 3
========================================================================
Received Import Request.
  Time since last request: 0.000017 seconds.
  path: Assets/Photon/Fusion/Editor/EditorResources/FusionHub/Fusion-hub-community.png
  artifactKey: Guid(80faca055f57d5b449f78efe31607c57) Importer(2089858483,0ecaa5967403d082aa24f35e1b516d23)
Start importing Assets/Photon/Fusion/Editor/EditorResources/FusionHub/Fusion-hub-community.png using Guid(80faca055f57d5b449f78efe31607c57) Importer(2089858483,0ecaa5967403d082aa24f35e1b516d23) Generated GUIDs only implemented for interfaces!
 -> (artifact id: '0ea5457018414b6733b46fd3d081dcea') in 0.036333 seconds
Number of updated asset objects reloaded before import = 0
Number of asset objects unloaded after import = 1
========================================================================
Received Import Request.
  Time since last request: 0.000013 seconds.
  path: Assets/Photon/Fusion/Plugins/NanoSockets/Metro/ARM64/libnanosockets.dll
  artifactKey: Guid(7d08c7e651f23b94fbcb726124c46744) Importer(2089858483,0ecaa5967403d082aa24f35e1b516d23)
Start importing Assets/Photon/Fusion/Plugins/NanoSockets/Metro/ARM64/libnanosockets.dll using Guid(7d08c7e651f23b94fbcb726124c46744) Importer(2089858483,0ecaa5967403d082aa24f35e1b516d23) Generated GUIDs only implemented for interfaces!
 -> (artifact id: '62f895b52bd879c7bfc18b657eb6e3f5') in 0.016753 seconds
Number of updated asset objects reloaded before import = 0
Number of asset objects unloaded after import = 1
========================================================================
Received Import Request.
  Time since last request: 0.000014 seconds.
  path: Assets/Photon/Fusion/Editor/EditorResources/FusionHub/Fusion-hub-skin-box.png
  artifactKey: Guid(5c322c17376df3f448fb66679ef2af5d) Importer(2089858483,0ecaa5967403d082aa24f35e1b516d23)
Start importing Assets/Photon/Fusion/Editor/EditorResources/FusionHub/Fusion-hub-skin-box.png using Guid(5c322c17376df3f448fb66679ef2af5d) Importer(2089858483,0ecaa5967403d082aa24f35e1b516d23) Generated GUIDs only implemented for interfaces!
 -> (artifact id: '49e7b2e2e531eba60cd6a611e52fc7a8') in 0.041411 seconds
Number of updated asset objects reloaded before import = 0
Number of asset objects unloaded after import = 1
========================================================================
Received Import Request.
  Time since last request: 0.000013 seconds.
  path: Assets/Photon/Fusion/Editor/EditorResources/FusionHub/Fusion-hub-documentation.png
  artifactKey: Guid(ac3bb1641dbebe441be81b7b3af3606c) Importer(2089858483,0ecaa5967403d082aa24f35e1b516d23)
Start importing Assets/Photon/Fusion/Editor/EditorResources/FusionHub/Fusion-hub-documentation.png using Guid(ac3bb1641dbebe441be81b7b3af3606c) Importer(2089858483,0ecaa5967403d082aa24f35e1b516d23) Generated GUIDs only implemented for interfaces!
 -> (artifact id: '70951ee585ef78c1025b426ef9df9ce9') in 0.039830 seconds
Number of updated asset objects reloaded before import = 0
Number of asset objects unloaded after import = 1
========================================================================
Received Import Request.
  Time since last request: 0.000017 seconds.
  path: Assets/Photon/Fusion/Assemblies/Fusion.Runtime.pdb.debug
  artifactKey: Guid(7135dc2f84a2d814eb8ed3c3e41b0772) Importer(2089858483,0ecaa5967403d082aa24f35e1b516d23)
Start importing Assets/Photon/Fusion/Assemblies/Fusion.Runtime.pdb.debug using Guid(7135dc2f84a2d814eb8ed3c3e41b0772) Importer(2089858483,0ecaa5967403d082aa24f35e1b516d23) Generated GUIDs only implemented for interfaces!
 -> (artifact id: 'df2727d8812c32002053d815e724110f') in 0.015354 seconds
Number of updated asset objects reloaded before import = 0
Number of asset objects unloaded after import = 1
========================================================================
Received Import Request.
  Time since last request: 0.000019 seconds.
  path: Assets/Photon/Fusion/CodeGen/Fusion.CodeGen.Trigger.fusionweavertrigger
  artifactKey: Guid(f4bd6c24648e05c4fa838da70f847a76) Importer(2089858483,0ecaa5967403d082aa24f35e1b516d23)
Start importing Assets/Photon/Fusion/CodeGen/Fusion.CodeGen.Trigger.fusionweavertrigger using Guid(f4bd6c24648e05c4fa838da70f847a76) Importer(2089858483,0ecaa5967403d082aa24f35e1b516d23) Generated GUIDs only implemented for interfaces!
 -> (artifact id: '0e7405d78029c934aa6eee21b8328746') in 0.010138 seconds
Number of updated asset objects reloaded before import = 0
Number of asset objects unloaded after import = 1
========================================================================
Received Import Request.
  Time since last request: 0.000020 seconds.
  path: Assets/Photon/Fusion/Assemblies/Fusion.Realtime.pdb.debug
  artifactKey: Guid(2522e117b83964644bbf25885af7bea2) Importer(2089858483,0ecaa5967403d082aa24f35e1b516d23)
Start importing Assets/Photon/Fusion/Assemblies/Fusion.Realtime.pdb.debug using Guid(2522e117b83964644bbf25885af7bea2) Importer(2089858483,0ecaa5967403d082aa24f35e1b516d23) Generated GUIDs only implemented for interfaces!
 -> (artifact id: '8a59d33ada15140837014137e867b0ba') in 0.011232 seconds
Number of updated asset objects reloaded before import = 0
Number of asset objects unloaded after import = 1
========================================================================
Received Import Request.
  Time since last request: 0.000015 seconds.
  path: Assets/Photon/Fusion/Plugins/NanoSockets/Metro/x64/libnanosockets.dll
  artifactKey: Guid(694d9b6f5f80c3849baef2972f2de1d7) Importer(2089858483,0ecaa5967403d082aa24f35e1b516d23)
Start importing Assets/Photon/Fusion/Plugins/NanoSockets/Metro/x64/libnanosockets.dll using Guid(694d9b6f5f80c3849baef2972f2de1d7) Importer(2089858483,0ecaa5967403d082aa24f35e1b516d23) Generated GUIDs only implemented for interfaces!
 -> (artifact id: '19d04aefad5f1834c7b31f34af3e9ecf') in 0.016484 seconds
Number of updated asset objects reloaded before import = 0
Number of asset objects unloaded after import = 1
========================================================================
Received Import Request.
  Time since last request: 0.000015 seconds.
  path: Assets/Photon/Fusion/Plugins/NanoSockets/Windows/nanosockets.dll
  artifactKey: Guid(7b3f94104f169cc4e84342c38a1da2e3) Importer(2089858483,0ecaa5967403d082aa24f35e1b516d23)
Start importing Assets/Photon/Fusion/Plugins/NanoSockets/Windows/nanosockets.dll using Guid(7b3f94104f169cc4e84342c38a1da2e3) Importer(2089858483,0ecaa5967403d082aa24f35e1b516d23) Generated GUIDs only implemented for interfaces!
 -> (artifact id: '516f20c8ce1b98889a8f99aae4359612') in 0.014396 seconds
Number of updated asset objects reloaded before import = 0
Number of asset objects unloaded after import = 1
========================================================================
Received Import Request.
  Time since last request: 0.000025 seconds.
  path: Assets/Photon/Fusion/Plugins/NanoSockets/Metro/ARM/libnanosockets.dll
  artifactKey: Guid(bf526029f85a37f449500206ee2a9692) Importer(2089858483,0ecaa5967403d082aa24f35e1b516d23)
Start importing Assets/Photon/Fusion/Plugins/NanoSockets/Metro/ARM/libnanosockets.dll using Guid(bf526029f85a37f449500206ee2a9692) Importer(2089858483,0ecaa5967403d082aa24f35e1b516d23) Generated GUIDs only implemented for interfaces!
 -> (artifact id: '6fd6445f3ae2d660e5a692dff86de157') in 0.015409 seconds
Number of updated asset objects reloaded before import = 0
Number of asset objects unloaded after import = 1
========================================================================
Received Import Request.
  Time since last request: 0.000019 seconds.
  path: Assets/Photon/Fusion/Plugins/NanoSockets/NanoSockets/Dynamic/NanoSockets.dll
  artifactKey: Guid(97dbb2b4c5d67894381958ef748f2a74) Importer(2089858483,0ecaa5967403d082aa24f35e1b516d23)
Start importing Assets/Photon/Fusion/Plugins/NanoSockets/NanoSockets/Dynamic/NanoSockets.dll using Guid(97dbb2b4c5d67894381958ef748f2a74) Importer(2089858483,0ecaa5967403d082aa24f35e1b516d23) Generated GUIDs only implemented for interfaces!
 -> (artifact id: '41e2d567fbd01f9c53794508692a20eb') in 0.015682 seconds
Number of updated asset objects reloaded before import = 0
Number of asset objects unloaded after import = 1
========================================================================
Received Import Request.
  Time since last request: 0.000015 seconds.
  path: Assets/Photon/Fusion/Assemblies/Fusion.Runtime.dll.debug
  artifactKey: Guid(fb8184b1b08ca0f408b87eb72e85e2bd) Importer(2089858483,0ecaa5967403d082aa24f35e1b516d23)
Start importing Assets/Photon/Fusion/Assemblies/Fusion.Runtime.dll.debug using Guid(fb8184b1b08ca0f408b87eb72e85e2bd) Importer(2089858483,0ecaa5967403d082aa24f35e1b516d23) Generated GUIDs only implemented for interfaces!
 -> (artifact id: 'ffa4a261c47b9e44aa75f1fde7544026') in 0.015956 seconds
Number of updated asset objects reloaded before import = 0
Number of asset objects unloaded after import = 1
========================================================================
Received Import Request.
  Time since last request: 0.000013 seconds.
  path: Assets/Photon/Fusion/Editor/EditorResources/Fusion-inline-selector.png
  artifactKey: Guid(95929fcf43db30546b27280e9f89777b) Importer(2089858483,0ecaa5967403d082aa24f35e1b516d23)
Start importing Assets/Photon/Fusion/Editor/EditorResources/Fusion-inline-selector.png using Guid(95929fcf43db30546b27280e9f89777b) Importer(2089858483,0ecaa5967403d082aa24f35e1b516d23) Generated GUIDs only implemented for interfaces!
 -> (artifact id: 'cc0668a4a0fa38c0f401ce0024427ef5') in 0.042432 seconds
Number of updated asset objects reloaded before import = 0
Number of asset objects unloaded after import = 3
========================================================================
Received Import Request.
  Time since last request: 0.000014 seconds.
  path: Assets/Photon/Fusion/Runtime/Statistics/Prefabs/StatisticsRenderGraph.prefab
  artifactKey: Guid(a09170bc25723ba48b6d4d36f6201acd) Importer(2089858483,0ecaa5967403d082aa24f35e1b516d23)
Start importing Assets/Photon/Fusion/Runtime/Statistics/Prefabs/StatisticsRenderGraph.prefab using Guid(a09170bc25723ba48b6d4d36f6201acd) Importer(2089858483,0ecaa5967403d082aa24f35e1b516d23) Generated GUIDs only implemented for interfaces!
 -> (artifact id: '74a4b39378e874dbe0b0e7702efff378') in 0.020273 seconds
Number of updated asset objects reloaded before import = 0
Number of asset objects unloaded after import = 52
========================================================================
Received Import Request.
  Time since last request: 0.000013 seconds.
  path: Assets/Photon/Fusion/Editor/EditorResources/FusionHub/Fusion-hub-correct-icon.png
  artifactKey: Guid(8958b450dee843f41a091a734ed43ccd) Importer(2089858483,0ecaa5967403d082aa24f35e1b516d23)
Start importing Assets/Photon/Fusion/Editor/EditorResources/FusionHub/Fusion-hub-correct-icon.png using Guid(8958b450dee843f41a091a734ed43ccd) Importer(2089858483,0ecaa5967403d082aa24f35e1b516d23) Generated GUIDs only implemented for interfaces!
 -> (artifact id: '7e6dcb30848e7d4f861c932756ce2245') in 0.037766 seconds
Number of updated asset objects reloaded before import = 0
Number of asset objects unloaded after import = 1
========================================================================
Received Import Request.
  Time since last request: 0.000017 seconds.
  path: Assets/Photon/Fusion/Assemblies/Fusion.Common.xml
  artifactKey: Guid(14e2288a1b398354b834fd19cb60dcd3) Importer(2089858483,0ecaa5967403d082aa24f35e1b516d23)
Start importing Assets/Photon/Fusion/Assemblies/Fusion.Common.xml using Guid(14e2288a1b398354b834fd19cb60dcd3) Importer(2089858483,0ecaa5967403d082aa24f35e1b516d23) Generated GUIDs only implemented for interfaces!
 -> (artifact id: '4b0836af1ecc495a9c30768f671a098d') in 0.011676 seconds
Number of updated asset objects reloaded before import = 0
Number of asset objects unloaded after import = 1
========================================================================
Received Import Request.
  Time since last request: 0.000018 seconds.
  path: Assets/Photon/Fusion/Editor/FusionRunnerVisibilityControlsWindow.cs
  artifactKey: Guid(b0b9919e3f6641c4dbd365521e52c809) Importer(2089858483,0ecaa5967403d082aa24f35e1b516d23)
Start importing Assets/Photon/Fusion/Editor/FusionRunnerVisibilityControlsWindow.cs using Guid(b0b9919e3f6641c4dbd365521e52c809) Importer(2089858483,0ecaa5967403d082aa24f35e1b516d23) Generated GUIDs only implemented for interfaces!
 -> (artifact id: '4d2a87fb997bd0e7dee3fb2c3f6cbdeb') in 0.016739 seconds
Number of updated asset objects reloaded before import = 0
Number of asset objects unloaded after import = 1
========================================================================
Received Import Request.
  Time since last request: 0.000015 seconds.
  path: Assets/Photon/Fusion/Assemblies/Fusion.Realtime.xml
  artifactKey: Guid(4dc855c03115d924aa03ac5bd1f826bc) Importer(2089858483,0ecaa5967403d082aa24f35e1b516d23)
Start importing Assets/Photon/Fusion/Assemblies/Fusion.Realtime.xml using Guid(4dc855c03115d924aa03ac5bd1f826bc) Importer(2089858483,0ecaa5967403d082aa24f35e1b516d23) Generated GUIDs only implemented for interfaces!
 -> (artifact id: 'a2a49a734ecfb5646643779e1879cc55') in 0.010031 seconds
Number of updated asset objects reloaded before import = 0
Number of asset objects unloaded after import = 1
========================================================================
Received Import Request.
  Time since last request: 0.000012 seconds.
  path: Assets/Photon/Fusion/Editor/EditorResources/Fusion.Unity.xml
  artifactKey: Guid(b199a25aef303094f8d299987c726459) Importer(2089858483,0ecaa5967403d082aa24f35e1b516d23)
Start importing Assets/Photon/Fusion/Editor/EditorResources/Fusion.Unity.xml using Guid(b199a25aef303094f8d299987c726459) Importer(2089858483,0ecaa5967403d082aa24f35e1b516d23) Generated GUIDs only implemented for interfaces!
 -> (artifact id: '6e7c4e46df0a0bdeb8963d9e557b1d13') in 0.015078 seconds
Number of updated asset objects reloaded before import = 0
Number of asset objects unloaded after import = 1
========================================================================
Received Import Request.
  Time since last request: 0.000012 seconds.
  path: Assets/Photon/PhotonLibs/netstandard2.0/Photon3Unity3D.pdb
  artifactKey: Guid(0f6296aca03a5574eb30b4277a2076fd) Importer(2089858483,0ecaa5967403d082aa24f35e1b516d23)
Start importing Assets/Photon/PhotonLibs/netstandard2.0/Photon3Unity3D.pdb using Guid(0f6296aca03a5574eb30b4277a2076fd) Importer(2089858483,0ecaa5967403d082aa24f35e1b516d23) Generated GUIDs only implemented for interfaces!
 -> (artifact id: '1975d6d33f45d54f281298347ca18db3') in 0.010804 seconds
Number of updated asset objects reloaded before import = 0
Number of asset objects unloaded after import = 1
========================================================================
Received Import Request.
  Time since last request: 0.000015 seconds.
  path: Assets/Photon/Fusion/Runtime/Statistics/FusionStatistics.cs
  artifactKey: Guid(9c6080750a33c9d428004642d0e07dd6) Importer(2089858483,0ecaa5967403d082aa24f35e1b516d23)
Start importing Assets/Photon/Fusion/Runtime/Statistics/FusionStatistics.cs using Guid(9c6080750a33c9d428004642d0e07dd6) Importer(2089858483,0ecaa5967403d082aa24f35e1b516d23) Generated GUIDs only implemented for interfaces!
 -> (artifact id: '8819cefcebd917ef7f7e5ad0a48ad06a') in 0.012436 seconds
Number of updated asset objects reloaded before import = 0
Number of asset objects unloaded after import = 1
========================================================================
Received Import Request.
  Time since last request: 0.000015 seconds.
  path: Assets/Photon/Fusion/Editor/NetworkPrefabsInspector.cs
  artifactKey: Guid(2a91437e16a1edc41bde1ce3b0114aab) Importer(2089858483,0ecaa5967403d082aa24f35e1b516d23)
Start importing Assets/Photon/Fusion/Editor/NetworkPrefabsInspector.cs using Guid(2a91437e16a1edc41bde1ce3b0114aab) Importer(2089858483,0ecaa5967403d082aa24f35e1b516d23) Generated GUIDs only implemented for interfaces!
 -> (artifact id: 'bdae413697b51650719b7e7bf7017790') in 0.015753 seconds
Number of updated asset objects reloaded before import = 0
Number of asset objects unloaded after import = 1
========================================================================
Received Import Request.
  Time since last request: 0.000016 seconds.
  path: Assets/Photon/Fusion/Runtime/Statistics/FusionStatsGraphShader.shader
  artifactKey: Guid(f723a494700aee146aa96072604b48c0) Importer(2089858483,0ecaa5967403d082aa24f35e1b516d23)
Start importing Assets/Photon/Fusion/Runtime/Statistics/FusionStatsGraphShader.shader using Guid(f723a494700aee146aa96072604b48c0) Importer(2089858483,0ecaa5967403d082aa24f35e1b516d23) Generated GUIDs only implemented for interfaces!
 -> (artifact id: '3128f2ca6509de6d099dfacbea3edfb7') in 0.018021 seconds
Number of updated asset objects reloaded before import = 0
Number of asset objects unloaded after import = 1
========================================================================
Received Import Request.
  Time since last request: 0.000014 seconds.
  path: Assets/Photon/Fusion/Runtime/Statistics/FusionStatsConfig.cs
  artifactKey: Guid(586894e5cee94d0e857cf1dbc7716646) Importer(2089858483,0ecaa5967403d082aa24f35e1b516d23)
Start importing Assets/Photon/Fusion/Runtime/Statistics/FusionStatsConfig.cs using Guid(586894e5cee94d0e857cf1dbc7716646) Importer(2089858483,0ecaa5967403d082aa24f35e1b516d23) Generated GUIDs only implemented for interfaces!
 -> (artifact id: 'cab834e5e475d2d3c50b2c2d6a4110fc') in 0.015135 seconds
Number of updated asset objects reloaded before import = 0
Number of asset objects unloaded after import = 1
========================================================================
Received Import Request.
  Time since last request: 0.000015 seconds.
  path: Assets/Photon/Fusion/Editor/EditorResources/FusionHub/Fusion-hub-tanknarok-logo.png
  artifactKey: Guid(98358aa88aea883458fa24b6502d1da0) Importer(2089858483,0ecaa5967403d082aa24f35e1b516d23)
Start importing Assets/Photon/Fusion/Editor/EditorResources/FusionHub/Fusion-hub-tanknarok-logo.png using Guid(98358aa88aea883458fa24b6502d1da0) Importer(2089858483,0ecaa5967403d082aa24f35e1b516d23) Generated GUIDs only implemented for interfaces!
 -> (artifact id: '77eb954c8c5567fd65b46f98abef8aee') in 0.037645 seconds
Number of updated asset objects reloaded before import = 0
Number of asset objects unloaded after import = 1
========================================================================
Received Import Request.
  Time since last request: 0.000012 seconds.
  path: Assets/Photon/Fusion/Assemblies/Fusion.Runtime.xml
  artifactKey: Guid(d461b7cc07b37504f94b4a901b69e494) Importer(2089858483,0ecaa5967403d082aa24f35e1b516d23)
Start importing Assets/Photon/Fusion/Assemblies/Fusion.Runtime.xml using Guid(d461b7cc07b37504f94b4a901b69e494) Importer(2089858483,0ecaa5967403d082aa24f35e1b516d23) Generated GUIDs only implemented for interfaces!
 -> (artifact id: '3d4c23f62c6cf1ff96b7508858f8b0e4') in 0.013168 seconds
Number of updated asset objects reloaded before import = 0
Number of asset objects unloaded after import = 1
========================================================================
Received Import Request.
  Time since last request: 0.000017 seconds.
  path: Assets/Photon/Fusion/Runtime/Utilities/RunnerVisibility/RunnerVisibilityLinksRoot.cs
  artifactKey: Guid(c370cac09f73d42fab172498cc96e499) Importer(2089858483,0ecaa5967403d082aa24f35e1b516d23)
Start importing Assets/Photon/Fusion/Runtime/Utilities/RunnerVisibility/RunnerVisibilityLinksRoot.cs using Guid(c370cac09f73d42fab172498cc96e499) Importer(2089858483,0ecaa5967403d082aa24f35e1b516d23) Generated GUIDs only implemented for interfaces!
 -> (artifact id: '002c3bbba2ab2edd0475754d84bb01c1') in 0.015564 seconds
Number of updated asset objects reloaded before import = 0
Number of asset objects unloaded after import = 1
========================================================================
Received Import Request.
  Time since last request: 0.000015 seconds.
  path: Assets/Photon/Fusion/Editor/EditorResources/Fusion-logo-2x.png
  artifactKey: Guid(662ae237300fee247a43823401881e39) Importer(2089858483,0ecaa5967403d082aa24f35e1b516d23)
Start importing Assets/Photon/Fusion/Editor/EditorResources/Fusion-logo-2x.png using Guid(662ae237300fee247a43823401881e39) Importer(2089858483,0ecaa5967403d082aa24f35e1b516d23) Generated GUIDs only implemented for interfaces!
 -> (artifact id: '7b608a32743c3133ab42eb3b7b234786') in 0.040247 seconds
Number of updated asset objects reloaded before import = 0
Number of asset objects unloaded after import = 3
========================================================================
Received Import Request.
  Time since last request: 0.000016 seconds.
  path: Assets/Photon/Fusion/Assemblies/Fusion.Realtime.dll.debug
  artifactKey: Guid(3b0bcfb09765a4a4ebf152ab4db50ef4) Importer(2089858483,0ecaa5967403d082aa24f35e1b516d23)
Start importing Assets/Photon/Fusion/Assemblies/Fusion.Realtime.dll.debug using Guid(3b0bcfb09765a4a4ebf152ab4db50ef4) Importer(2089858483,0ecaa5967403d082aa24f35e1b516d23) Generated GUIDs only implemented for interfaces!
 -> (artifact id: '7c65debf31ca3a3a3581e54a2ab03d39') in 0.011671 seconds
Number of updated asset objects reloaded before import = 0
Number of asset objects unloaded after import = 1
========================================================================
Received Import Request.
  Time since last request: 0.000028 seconds.
  path: Assets/Photon/Fusion/Editor/EditorResources/Fusion-dark-help-button-on.png
  artifactKey: Guid(f8b3194f397d8934697497c4c07cf47e) Importer(2089858483,0ecaa5967403d082aa24f35e1b516d23)
Start importing Assets/Photon/Fusion/Editor/EditorResources/Fusion-dark-help-button-on.png using Guid(f8b3194f397d8934697497c4c07cf47e) Importer(2089858483,0ecaa5967403d082aa24f35e1b516d23) Generated GUIDs only implemented for interfaces!
 -> (artifact id: '41fcb6ff6e62e588dabc81603f86de29') in 0.044258 seconds
Number of updated asset objects reloaded before import = 0
Number of asset objects unloaded after import = 3
========================================================================
Received Import Request.
  Time since last request: 0.000013 seconds.
  path: Assets/Photon/Fusion/Editor/EditorResources/Fusion-script-header-2x.png
  artifactKey: Guid(4379871c896cb47159ca30caed15cf45) Importer(2089858483,0ecaa5967403d082aa24f35e1b516d23)
Start importing Assets/Photon/Fusion/Editor/EditorResources/Fusion-script-header-2x.png using Guid(4379871c896cb47159ca30caed15cf45) Importer(2089858483,0ecaa5967403d082aa24f35e1b516d23) Generated GUIDs only implemented for interfaces!
 -> (artifact id: '8c2d1a10cd6b25f2912eb59a247f4c6b') in 0.040029 seconds
Number of updated asset objects reloaded before import = 0
Number of asset objects unloaded after import = 3
========================================================================
Received Import Request.
  Time since last request: 0.000014 seconds.
  path: Assets/Photon/Fusion/Runtime/Statistics/FusionStatsCanvas.cs
  artifactKey: Guid(25ab394f9fec45f692c631c30839e2ee) Importer(2089858483,0ecaa5967403d082aa24f35e1b516d23)
Start importing Assets/Photon/Fusion/Runtime/Statistics/FusionStatsCanvas.cs using Guid(25ab394f9fec45f692c631c30839e2ee) Importer(2089858483,0ecaa5967403d082aa24f35e1b516d23) Generated GUIDs only implemented for interfaces!
 -> (artifact id: 'e354eed7e10c1f10b1bbe43433681eb7') in 0.011826 seconds
Number of updated asset objects reloaded before import = 0
Number of asset objects unloaded after import = 1
========================================================================
Received Import Request.
  Time since last request: 0.000019 seconds.
  path: Assets/Photon/Fusion/Plugins/NanoSockets/Metro/NanoSockets.dll
  artifactKey: Guid(28478daed9ce57f4989884143dfc5622) Importer(2089858483,0ecaa5967403d082aa24f35e1b516d23)
Start importing Assets/Photon/Fusion/Plugins/NanoSockets/Metro/NanoSockets.dll using Guid(28478daed9ce57f4989884143dfc5622) Importer(2089858483,0ecaa5967403d082aa24f35e1b516d23) Generated GUIDs only implemented for interfaces!
 -> (artifact id: '6958922709c3b1c77d2d4d3be690b605') in 0.015647 seconds
Number of updated asset objects reloaded before import = 0
Number of asset objects unloaded after import = 1
========================================================================
Received Import Request.
  Time since last request: 0.000014 seconds.
  path: Assets/Photon/Fusion/Runtime/FusionBootstrapDebugGUIStartButton.png
  artifactKey: Guid(c7d0c96f4d96542cd9a593afbcf2c535) Importer(2089858483,0ecaa5967403d082aa24f35e1b516d23)
Start importing Assets/Photon/Fusion/Runtime/FusionBootstrapDebugGUIStartButton.png using Guid(c7d0c96f4d96542cd9a593afbcf2c535) Importer(2089858483,0ecaa5967403d082aa24f35e1b516d23) Generated GUIDs only implemented for interfaces!
 -> (artifact id: '8652c261e76d706eacd6fbe2d19c6a74') in 0.039019 seconds
Number of updated asset objects reloaded before import = 0
Number of asset objects unloaded after import = 1
========================================================================
Received Import Request.
  Time since last request: 0.000015 seconds.
  path: Assets/Photon/Fusion/Editor/EditorResources/FusionEditorSkin.guiskin
  artifactKey: Guid(c809d493e97d33546a90fc00dcd9ba38) Importer(2089858483,0ecaa5967403d082aa24f35e1b516d23)
Start importing Assets/Photon/Fusion/Editor/EditorResources/FusionEditorSkin.guiskin using Guid(c809d493e97d33546a90fc00dcd9ba38) Importer(2089858483,0ecaa5967403d082aa24f35e1b516d23) Generated GUIDs only implemented for interfaces!
 -> (artifact id: '1722877fd4eb6cd380901ab19f7a6b0e') in 0.124959 seconds
Number of updated asset objects reloaded before import = 0
Number of asset objects unloaded after import = 2
